

Started GET "/" for ::1 at 2017-07-11 23:46:10 -0400
  [1m[36mActiveRecord::SchemaMigration Load (3.9ms)[0m  [1mSELECT "schema_migrations".* FROM "schema_migrations"[0m
Processing by AuctionsController#index as HTML
  [1m[35mUser Load (4.3ms)[0m  SELECT  "users".* FROM "users" WHERE "users"."id" IS NULL  ORDER BY "users"."id" ASC LIMIT 1
  [1m[36mAuction Load (4.7ms)[0m  [1mSELECT "auctions".* FROM "auctions" WHERE "auctions"."published" = $1  ORDER BY ended_at DESC[0m  [["published", 1]]
  [1m[35mBid Load (4.7ms)[0m  SELECT "bids".* FROM "bids" INNER JOIN "users" ON "users"."id" = "bids"."bidder_id" WHERE "bids"."auction_id" IN (20, 22, 21, 15, 19, 2, 4, 7, 9, 3, 8, 14, 10, 11, 6, 5, 12)  ORDER BY users.is_mwbe DESC
  [1m[36m (1.1ms)[0m  [1mSELECT COUNT(*) FROM "auctions" WHERE "auctions"."published" = $1 AND (started_at < '2017-07-12 03:46:11.231185') AND (ended_at > '2017-07-12 03:46:11.231732')[0m  [["published", 1]]
  [1m[35m (0.3ms)[0m  SELECT COUNT(*) FROM "auctions" WHERE "auctions"."published" = $1 AND (started_at > '2017-07-12 03:46:11.235581')  [["published", 1]]
  Rendered components/_welcome_message.html.erb (0.5ms)
  Rendered auctions/_title.html.erb (0.8ms)
  Rendered auctions/_bidding_status_label.html.erb (0.5ms)
  Rendered auctions/_project_label.html.erb (0.6ms)
  [1m[36mSkill Load (3.2ms)[0m  [1mSELECT "skills".* FROM "skills" INNER JOIN "auctions_skills" ON "skills"."id" = "auctions_skills"."skill_id" WHERE "auctions_skills"."auction_id" = $1  ORDER BY "skills"."name" ASC[0m  [["auction_id", 20]]
  Rendered auctions/_list_item.html.erb (62.3ms)
  Rendered auctions/_title.html.erb (0.2ms)
  Rendered auctions/_bidding_status_label.html.erb (0.1ms)
  Rendered auctions/_over_winning_bid_details.html.erb (15.2ms)
  Rendered auctions/_project_label.html.erb (0.1ms)
  [1m[35mSkill Load (0.4ms)[0m  SELECT "skills".* FROM "skills" INNER JOIN "auctions_skills" ON "skills"."id" = "auctions_skills"."skill_id" WHERE "auctions_skills"."auction_id" = $1  ORDER BY "skills"."name" ASC  [["auction_id", 22]]
  Rendered auctions/_list_item.html.erb (26.1ms)
  Rendered auctions/_title.html.erb (0.2ms)
  Rendered auctions/_bidding_status_label.html.erb (0.1ms)
  Rendered auctions/_project_label.html.erb (0.1ms)
  [1m[36mSkill Load (0.5ms)[0m  [1mSELECT "skills".* FROM "skills" INNER JOIN "auctions_skills" ON "skills"."id" = "auctions_skills"."skill_id" WHERE "auctions_skills"."auction_id" = $1  ORDER BY "skills"."name" ASC[0m  [["auction_id", 21]]
  Rendered auctions/_list_item.html.erb (5.9ms)
  Rendered auctions/_title.html.erb (0.2ms)
  Rendered auctions/_bidding_status_label.html.erb (0.1ms)
  Rendered auctions/_project_label.html.erb (0.1ms)
  [1m[35mSkill Load (0.4ms)[0m  SELECT "skills".* FROM "skills" INNER JOIN "auctions_skills" ON "skills"."id" = "auctions_skills"."skill_id" WHERE "auctions_skills"."auction_id" = $1  ORDER BY "skills"."name" ASC  [["auction_id", 15]]
  Rendered auctions/_list_item.html.erb (8.8ms)
  Rendered auctions/_title.html.erb (0.1ms)
  Rendered auctions/_bidding_status_label.html.erb (0.1ms)
  Rendered auctions/_over_winning_bid_details.html.erb (0.4ms)
  Rendered auctions/_project_label.html.erb (0.1ms)
  [1m[36mSkill Load (0.6ms)[0m  [1mSELECT "skills".* FROM "skills" INNER JOIN "auctions_skills" ON "skills"."id" = "auctions_skills"."skill_id" WHERE "auctions_skills"."auction_id" = $1  ORDER BY "skills"."name" ASC[0m  [["auction_id", 19]]
  Rendered auctions/_list_item.html.erb (7.1ms)
  Rendered auctions/_title.html.erb (0.2ms)
  Rendered auctions/_bidding_status_label.html.erb (0.1ms)
  Rendered auctions/_over_winning_bid_details.html.erb (0.5ms)
  Rendered auctions/_project_label.html.erb (0.1ms)
  [1m[35mSkill Load (0.6ms)[0m  SELECT "skills".* FROM "skills" INNER JOIN "auctions_skills" ON "skills"."id" = "auctions_skills"."skill_id" WHERE "auctions_skills"."auction_id" = $1  ORDER BY "skills"."name" ASC  [["auction_id", 2]]
  Rendered auctions/_list_item.html.erb (11.4ms)
  Rendered auctions/_title.html.erb (0.1ms)
  Rendered auctions/_bidding_status_label.html.erb (0.1ms)
  Rendered auctions/_over_winning_bid_details.html.erb (0.5ms)
  Rendered auctions/_project_label.html.erb (0.1ms)
  [1m[36mSkill Load (0.3ms)[0m  [1mSELECT "skills".* FROM "skills" INNER JOIN "auctions_skills" ON "skills"."id" = "auctions_skills"."skill_id" WHERE "auctions_skills"."auction_id" = $1  ORDER BY "skills"."name" ASC[0m  [["auction_id", 4]]
  Rendered auctions/_list_item.html.erb (21.3ms)
  Rendered auctions/_title.html.erb (0.2ms)
  Rendered auctions/_bidding_status_label.html.erb (0.1ms)
  Rendered auctions/_over_winning_bid_details.html.erb (0.5ms)
  Rendered auctions/_project_label.html.erb (0.1ms)
  [1m[35mSkill Load (0.2ms)[0m  SELECT "skills".* FROM "skills" INNER JOIN "auctions_skills" ON "skills"."id" = "auctions_skills"."skill_id" WHERE "auctions_skills"."auction_id" = $1  ORDER BY "skills"."name" ASC  [["auction_id", 7]]
  Rendered auctions/_list_item.html.erb (7.4ms)
  Rendered auctions/_title.html.erb (0.1ms)
  Rendered auctions/_bidding_status_label.html.erb (0.1ms)
  Rendered auctions/_over_winning_bid_details.html.erb (0.4ms)
  Rendered auctions/_project_label.html.erb (0.1ms)
  [1m[36mSkill Load (0.3ms)[0m  [1mSELECT "skills".* FROM "skills" INNER JOIN "auctions_skills" ON "skills"."id" = "auctions_skills"."skill_id" WHERE "auctions_skills"."auction_id" = $1  ORDER BY "skills"."name" ASC[0m  [["auction_id", 9]]
  Rendered auctions/_list_item.html.erb (6.8ms)
  Rendered auctions/_title.html.erb (0.1ms)
  Rendered auctions/_bidding_status_label.html.erb (0.1ms)
  Rendered auctions/_over_winning_bid_details.html.erb (0.5ms)
  Rendered auctions/_project_label.html.erb (0.1ms)
  [1m[35mSkill Load (0.2ms)[0m  SELECT "skills".* FROM "skills" INNER JOIN "auctions_skills" ON "skills"."id" = "auctions_skills"."skill_id" WHERE "auctions_skills"."auction_id" = $1  ORDER BY "skills"."name" ASC  [["auction_id", 3]]
  Rendered auctions/_list_item.html.erb (6.8ms)
  Rendered auctions/_auctions_list.html.erb (177.3ms)
  Rendered auctions/index.html.erb within layouts/application (215.9ms)
  Rendered components/_google_analytics.html.erb (0.4ms)
  Rendered components/_agency_header.erb (0.3ms)
  Rendered components/_guest_nav_drawer.html.erb (0.4ms)
  Rendered components/_nav_header.erb (4.7ms)
  Rendered application/_flashes.html.erb (1.0ms)
  Rendered components/_footer.html.erb (0.5ms)
  Rendered components/_dap.html.erb (0.5ms)
Completed 200 OK in 6363ms (Views: 6065.3ms | ActiveRecord: 46.3ms)


Started GET "/assets/application.self-7883f398531afef6437448421e35a68fb19614294492fb9fec33d340fda11424.css?body=1" for ::1 at 2017-07-11 23:46:17 -0400


Started GET "/assets/jquery.self-bd7ddd393353a8d2480a622e80342adf488fb6006d667e8b42e4c0073393abee.js?body=1" for ::1 at 2017-07-11 23:46:17 -0400


Started GET "/assets/jquery_ujs.self-784a997f6726036b1993eb2217c9cb558e1cbb801c6da88105588c56f13b466a.js?body=1" for ::1 at 2017-07-11 23:46:17 -0400


Started GET "/assets/deliveryDueAt.self-b311839dc60be3225184222488d363016a7459920cfb6dceb3b0f5854f10964a.js?body=1" for ::1 at 2017-07-11 23:46:17 -0400


Started GET "/assets/selectize.self-044caa1b742f2d258a52c7baf83283a30523017a0541e885fe003c4d13e5d00a.js?body=1" for ::1 at 2017-07-11 23:46:17 -0400


Started GET "/assets/selectizer.self-dec14c6de7792ded12d69008e9ac83e27f59cd658ddce03ec9490b7b3b1fa62b.js?body=1" for ::1 at 2017-07-11 23:46:17 -0400


Started GET "/assets/admin/archiveConfirm.self-037bc1101255dd713e399a59bea446f3050872c405e7b4fcdc1d796ada514964.js?body=1" for ::1 at 2017-07-11 23:46:17 -0400


Started GET "/assets/application.self-1e135afb54bf948ed616b7e518ea9f59c8edad95a2d1dfbae8adc60b167c5f6c.js?body=1" for ::1 at 2017-07-11 23:46:17 -0400


Started GET "/assets/bidConfirm.self-a579dee2219aae5ade31b4bde2f2e6fae4cec551c6f3527c57b4f7739ce56e95.js?body=1" for ::1 at 2017-07-11 23:46:17 -0400


Started GET "/assets/d3.v3.min.self-b52d43418d9cd75c25ec96202b55a305fcf118655b94b578f03eee884b0804a3.js?body=1" for ::1 at 2017-07-11 23:46:17 -0400


Started GET "/assets/utility.self-bb3003297403083a4788ed07ce5ca95ae786c2be11bb6e32f5ba8b0e45e2d105.js?body=1" for ::1 at 2017-07-11 23:46:17 -0400


Started GET "/assets/auctionToggle.self-cbb7ce4fa33ecbc9cc700652914d8209c052a6288ad88907008172172b358384.js?body=1" for ::1 at 2017-07-11 23:46:18 -0400


Started GET "/assets/openbid-logo.png" for ::1 at 2017-07-11 23:46:18 -0400


Started GET "/assets/uswds/sourcesanspro-regular-webfont-cb03c54300164fcc8b068bf1cd8b419e6f8eb5cb44d607f198be1997999cc488.woff2" for ::1 at 2017-07-11 23:46:18 -0400


Started GET "/assets/uswds/merriweather-regular-webfont-14610ab0161da6565005c72974bd4ab639484511b7a13b73b7cc2ff218fbf21b.woff2" for ::1 at 2017-07-11 23:46:18 -0400


Started GET "/assets/nyc_white.png" for ::1 at 2017-07-11 23:46:18 -0400


Started GET "/assets/sprite-ico-search.png" for ::1 at 2017-07-11 23:46:18 -0400


Started GET "/assets/uswds/sourcesanspro-light-webfont-7dc9968203233ab8b6b3605b290a4f70e9478f7db7277308c2faf38053e4e73d.woff2" for ::1 at 2017-07-11 23:46:18 -0400


Started GET "/assets/uswds/sourcesanspro-italic-webfont-a3af3e978eab69d7cc2350a23ef8b4d7a5e5b098406cf6623fed9b2426d59d74.woff2" for ::1 at 2017-07-11 23:46:18 -0400


Started GET "/assets/uswds/sourcesanspro-bold-webfont-2517c2a8077acd9cee8170e5b1aaebb2001c3447ca77fd63e6c9f378b35052c0.woff2" for ::1 at 2017-07-11 23:46:18 -0400


Started GET "/assets/favicon-3daa243135321aa8ffaac826702243fe0976614fb3cee4dfd1acdac9738d898b.ico" for ::1 at 2017-07-11 23:46:18 -0400


Started GET "/auth/github" for ::1 at 2017-07-11 23:46:25 -0400

NoMethodError (undefined method `+' for nil:NilClass):
  omniauth (1.3.1) lib/omniauth/strategy.rb:432:in `callback_url'
  omniauth-oauth2 (1.4.0) lib/omniauth/strategies/oauth2.rb:48:in `request_phase'
  omniauth-github (1.1.2) lib/omniauth/strategies/github.rb:13:in `request_phase'
  omniauth (1.3.1) lib/omniauth/strategy.rb:215:in `request_call'
  omniauth (1.3.1) lib/omniauth/strategy.rb:183:in `call!'
  omniauth (1.3.1) lib/omniauth/strategy.rb:164:in `call'
  omniauth (1.3.1) lib/omniauth/builder.rb:63:in `call'
  rack (1.6.4) lib/rack/etag.rb:24:in `call'
  rack (1.6.4) lib/rack/conditionalget.rb:25:in `call'
  rack (1.6.4) lib/rack/head.rb:13:in `call'
  actionpack (4.2.6) lib/action_dispatch/middleware/params_parser.rb:27:in `call'
  actionpack (4.2.6) lib/action_dispatch/middleware/flash.rb:260:in `call'
  rack (1.6.4) lib/rack/session/abstract/id.rb:225:in `context'
  rack (1.6.4) lib/rack/session/abstract/id.rb:220:in `call'
  actionpack (4.2.6) lib/action_dispatch/middleware/cookies.rb:560:in `call'
  activerecord (4.2.6) lib/active_record/query_cache.rb:36:in `call'
  activerecord (4.2.6) lib/active_record/connection_adapters/abstract/connection_pool.rb:653:in `call'
  activerecord (4.2.6) lib/active_record/migration.rb:377:in `call'
  actionpack (4.2.6) lib/action_dispatch/middleware/callbacks.rb:29:in `block in call'
  activesupport (4.2.6) lib/active_support/callbacks.rb:88:in `__run_callbacks__'
  activesupport (4.2.6) lib/active_support/callbacks.rb:778:in `_run_call_callbacks'
  activesupport (4.2.6) lib/active_support/callbacks.rb:81:in `run_callbacks'
  actionpack (4.2.6) lib/action_dispatch/middleware/callbacks.rb:27:in `call'
  actionpack (4.2.6) lib/action_dispatch/middleware/reloader.rb:73:in `call'
  actionpack (4.2.6) lib/action_dispatch/middleware/remote_ip.rb:78:in `call'
  actionpack (4.2.6) lib/action_dispatch/middleware/debug_exceptions.rb:17:in `call'
  web-console (2.3.0) lib/web_console/middleware.rb:28:in `block in call'
  web-console (2.3.0) lib/web_console/middleware.rb:18:in `catch'
  web-console (2.3.0) lib/web_console/middleware.rb:18:in `call'
  actionpack (4.2.6) lib/action_dispatch/middleware/show_exceptions.rb:30:in `call'
  railties (4.2.6) lib/rails/rack/logger.rb:38:in `call_app'
  railties (4.2.6) lib/rails/rack/logger.rb:20:in `block in call'
  activesupport (4.2.6) lib/active_support/tagged_logging.rb:68:in `block in tagged'
  activesupport (4.2.6) lib/active_support/tagged_logging.rb:26:in `tagged'
  activesupport (4.2.6) lib/active_support/tagged_logging.rb:68:in `tagged'
  railties (4.2.6) lib/rails/rack/logger.rb:20:in `call'
  actionpack (4.2.6) lib/action_dispatch/middleware/request_id.rb:21:in `call'
  rack (1.6.4) lib/rack/methodoverride.rb:22:in `call'
  rack (1.6.4) lib/rack/runtime.rb:18:in `call'
  activesupport (4.2.6) lib/active_support/cache/strategy/local_cache_middleware.rb:28:in `call'
  rack (1.6.4) lib/rack/lock.rb:17:in `call'
  actionpack (4.2.6) lib/action_dispatch/middleware/static.rb:120:in `call'
  rack (1.6.4) lib/rack/sendfile.rb:113:in `call'
  rack-cors (0.4.0) lib/rack/cors.rb:80:in `call'
  railties (4.2.6) lib/rails/engine.rb:518:in `call'
  railties (4.2.6) lib/rails/application.rb:165:in `call'
  rack (1.6.4) lib/rack/content_length.rb:15:in `call'
  puma (3.6.0) lib/puma/configuration.rb:225:in `call'
  puma (3.6.0) lib/puma/server.rb:578:in `handle_request'
  puma (3.6.0) lib/puma/server.rb:415:in `process_client'
  puma (3.6.0) lib/puma/server.rb:275:in `block in run'
  puma (3.6.0) lib/puma/thread_pool.rb:116:in `block in spawn_thread'


  Rendered /Users/jjeffries/.rvm/gems/ruby-2.3.1/gems/actionpack-4.2.6/lib/action_dispatch/middleware/templates/rescues/_source.erb (2.6ms)
  Rendered /Users/jjeffries/.rvm/gems/ruby-2.3.1/gems/actionpack-4.2.6/lib/action_dispatch/middleware/templates/rescues/_trace.html.erb (2.7ms)
  Rendered /Users/jjeffries/.rvm/gems/ruby-2.3.1/gems/actionpack-4.2.6/lib/action_dispatch/middleware/templates/rescues/_request_and_response.html.erb (1.1ms)
  Rendered /Users/jjeffries/.rvm/gems/ruby-2.3.1/gems/actionpack-4.2.6/lib/action_dispatch/middleware/templates/rescues/diagnostics.html.erb within rescues/layout (80.6ms)
  Rendered /Users/jjeffries/.rvm/gems/ruby-2.3.1/gems/web-console-2.3.0/lib/web_console/templates/_markup.html.erb (0.4ms)
  Rendered /Users/jjeffries/.rvm/gems/ruby-2.3.1/gems/web-console-2.3.0/lib/web_console/templates/_inner_console_markup.html.erb within layouts/inlined_string (0.3ms)
  Rendered /Users/jjeffries/.rvm/gems/ruby-2.3.1/gems/web-console-2.3.0/lib/web_console/templates/_prompt_box_markup.html.erb within layouts/inlined_string (0.4ms)
  Rendered /Users/jjeffries/.rvm/gems/ruby-2.3.1/gems/web-console-2.3.0/lib/web_console/templates/style.css.erb within layouts/inlined_string (0.4ms)
  Rendered /Users/jjeffries/.rvm/gems/ruby-2.3.1/gems/web-console-2.3.0/lib/web_console/templates/console.js.erb within layouts/javascript (53.0ms)
  Rendered /Users/jjeffries/.rvm/gems/ruby-2.3.1/gems/web-console-2.3.0/lib/web_console/templates/main.js.erb within layouts/javascript (0.5ms)
  Rendered /Users/jjeffries/.rvm/gems/ruby-2.3.1/gems/web-console-2.3.0/lib/web_console/templates/error_page.js.erb within layouts/javascript (0.5ms)
  Rendered /Users/jjeffries/.rvm/gems/ruby-2.3.1/gems/web-console-2.3.0/lib/web_console/templates/index.html.erb (120.0ms)


Started GET "/policies" for ::1 at 2017-07-11 23:46:33 -0400
Processing by HighVoltage::PagesController#show as HTML
  Parameters: {"id"=>"policies"}
  Rendered pages/policies.html.erb within layouts/application (0.6ms)
  Rendered components/_google_analytics.html.erb (0.1ms)
  Rendered components/_agency_header.erb (0.1ms)
  [1m[36mUser Load (0.5ms)[0m  [1mSELECT  "users".* FROM "users" WHERE "users"."id" IS NULL  ORDER BY "users"."id" ASC LIMIT 1[0m
  Rendered components/_guest_nav_drawer.html.erb (0.2ms)
  Rendered components/_nav_header.erb (5.3ms)
  Rendered application/_flashes.html.erb (0.1ms)
  Rendered components/_footer.html.erb (0.1ms)
  Rendered components/_dap.html.erb (0.0ms)
Completed 200 OK in 135ms (Views: 134.1ms | ActiveRecord: 0.5ms)


Started GET "/assets/openbid-logo.png" for ::1 at 2017-07-11 23:46:34 -0400


Started GET "/assets/nyc_white.png" for ::1 at 2017-07-11 23:46:34 -0400


Started GET "/assets/sprite-ico-search.png" for ::1 at 2017-07-11 23:46:34 -0400


Started GET "/policies" for ::1 at 2017-07-11 23:47:35 -0400
Processing by HighVoltage::PagesController#show as HTML
  Parameters: {"id"=>"policies"}
  Rendered pages/policies.html.erb within layouts/application (0.0ms)
  Rendered components/_google_analytics.html.erb (0.1ms)
  Rendered components/_agency_header.erb (0.1ms)
  [1m[35mUser Load (0.4ms)[0m  SELECT  "users".* FROM "users" WHERE "users"."id" IS NULL  ORDER BY "users"."id" ASC LIMIT 1
  Rendered components/_guest_nav_drawer.html.erb (0.1ms)
  Rendered components/_nav_header.erb (21.8ms)
  Rendered application/_flashes.html.erb (0.1ms)
  Rendered components/_footer.html.erb (0.1ms)
  Rendered components/_dap.html.erb (0.0ms)
Completed 200 OK in 158ms (Views: 152.4ms | ActiveRecord: 3.2ms)


Started GET "/assets/openbid-logo.png" for ::1 at 2017-07-11 23:47:35 -0400


Started GET "/assets/sprite-ico-search.png" for ::1 at 2017-07-11 23:47:35 -0400


Started GET "/assets/nyc_white.png" for ::1 at 2017-07-11 23:47:36 -0400


Started GET "/update" for ::1 at 2017-07-11 23:47:42 -0400

ActionController::RoutingError (uninitialized constant UpdateController):
  activesupport (4.2.6) lib/active_support/inflector/methods.rb:261:in `const_get'
  activesupport (4.2.6) lib/active_support/inflector/methods.rb:261:in `block in constantize'
  activesupport (4.2.6) lib/active_support/inflector/methods.rb:259:in `each'
  activesupport (4.2.6) lib/active_support/inflector/methods.rb:259:in `inject'
  activesupport (4.2.6) lib/active_support/inflector/methods.rb:259:in `constantize'
  actionpack (4.2.6) lib/action_dispatch/routing/route_set.rb:70:in `controller_reference'
  actionpack (4.2.6) lib/action_dispatch/routing/route_set.rb:60:in `controller'
  actionpack (4.2.6) lib/action_dispatch/routing/route_set.rb:39:in `serve'
  actionpack (4.2.6) lib/action_dispatch/journey/router.rb:43:in `block in serve'
  actionpack (4.2.6) lib/action_dispatch/journey/router.rb:30:in `each'
  actionpack (4.2.6) lib/action_dispatch/journey/router.rb:30:in `serve'
  actionpack (4.2.6) lib/action_dispatch/routing/route_set.rb:817:in `call'
  omniauth (1.3.1) lib/omniauth/strategy.rb:186:in `call!'
  omniauth (1.3.1) lib/omniauth/strategy.rb:164:in `call'
  omniauth (1.3.1) lib/omniauth/builder.rb:63:in `call'
  rack (1.6.4) lib/rack/etag.rb:24:in `call'
  rack (1.6.4) lib/rack/conditionalget.rb:25:in `call'
  rack (1.6.4) lib/rack/head.rb:13:in `call'
  actionpack (4.2.6) lib/action_dispatch/middleware/params_parser.rb:27:in `call'
  actionpack (4.2.6) lib/action_dispatch/middleware/flash.rb:260:in `call'
  rack (1.6.4) lib/rack/session/abstract/id.rb:225:in `context'
  rack (1.6.4) lib/rack/session/abstract/id.rb:220:in `call'
  actionpack (4.2.6) lib/action_dispatch/middleware/cookies.rb:560:in `call'
  activerecord (4.2.6) lib/active_record/query_cache.rb:36:in `call'
  activerecord (4.2.6) lib/active_record/connection_adapters/abstract/connection_pool.rb:653:in `call'
  activerecord (4.2.6) lib/active_record/migration.rb:377:in `call'
  actionpack (4.2.6) lib/action_dispatch/middleware/callbacks.rb:29:in `block in call'
  activesupport (4.2.6) lib/active_support/callbacks.rb:88:in `__run_callbacks__'
  activesupport (4.2.6) lib/active_support/callbacks.rb:778:in `_run_call_callbacks'
  activesupport (4.2.6) lib/active_support/callbacks.rb:81:in `run_callbacks'
  actionpack (4.2.6) lib/action_dispatch/middleware/callbacks.rb:27:in `call'
  actionpack (4.2.6) lib/action_dispatch/middleware/reloader.rb:73:in `call'
  actionpack (4.2.6) lib/action_dispatch/middleware/remote_ip.rb:78:in `call'
  actionpack (4.2.6) lib/action_dispatch/middleware/debug_exceptions.rb:17:in `call'
  web-console (2.3.0) lib/web_console/middleware.rb:28:in `block in call'
  web-console (2.3.0) lib/web_console/middleware.rb:18:in `catch'
  web-console (2.3.0) lib/web_console/middleware.rb:18:in `call'
  actionpack (4.2.6) lib/action_dispatch/middleware/show_exceptions.rb:30:in `call'
  railties (4.2.6) lib/rails/rack/logger.rb:38:in `call_app'
  railties (4.2.6) lib/rails/rack/logger.rb:20:in `block in call'
  activesupport (4.2.6) lib/active_support/tagged_logging.rb:68:in `block in tagged'
  activesupport (4.2.6) lib/active_support/tagged_logging.rb:26:in `tagged'
  activesupport (4.2.6) lib/active_support/tagged_logging.rb:68:in `tagged'
  railties (4.2.6) lib/rails/rack/logger.rb:20:in `call'
  actionpack (4.2.6) lib/action_dispatch/middleware/request_id.rb:21:in `call'
  rack (1.6.4) lib/rack/methodoverride.rb:22:in `call'
  rack (1.6.4) lib/rack/runtime.rb:18:in `call'
  activesupport (4.2.6) lib/active_support/cache/strategy/local_cache_middleware.rb:28:in `call'
  rack (1.6.4) lib/rack/lock.rb:17:in `call'
  actionpack (4.2.6) lib/action_dispatch/middleware/static.rb:120:in `call'
  rack (1.6.4) lib/rack/sendfile.rb:113:in `call'
  rack-cors (0.4.0) lib/rack/cors.rb:80:in `call'
  railties (4.2.6) lib/rails/engine.rb:518:in `call'
  railties (4.2.6) lib/rails/application.rb:165:in `call'
  rack (1.6.4) lib/rack/content_length.rb:15:in `call'
  puma (3.6.0) lib/puma/configuration.rb:225:in `call'
  puma (3.6.0) lib/puma/server.rb:578:in `handle_request'
  puma (3.6.0) lib/puma/server.rb:415:in `process_client'
  puma (3.6.0) lib/puma/server.rb:275:in `block in run'
  puma (3.6.0) lib/puma/thread_pool.rb:116:in `block in spawn_thread'


  Rendered /Users/jjeffries/.rvm/gems/ruby-2.3.1/gems/actionpack-4.2.6/lib/action_dispatch/middleware/templates/rescues/_trace.html.erb (3.3ms)
  Rendered /Users/jjeffries/.rvm/gems/ruby-2.3.1/gems/actionpack-4.2.6/lib/action_dispatch/middleware/templates/routes/_route.html.erb (4.4ms)
  Rendered /Users/jjeffries/.rvm/gems/ruby-2.3.1/gems/actionpack-4.2.6/lib/action_dispatch/middleware/templates/routes/_route.html.erb (0.4ms)
  Rendered /Users/jjeffries/.rvm/gems/ruby-2.3.1/gems/actionpack-4.2.6/lib/action_dispatch/middleware/templates/routes/_table.html.erb (13.1ms)
  Rendered /Users/jjeffries/.rvm/gems/ruby-2.3.1/gems/actionpack-4.2.6/lib/action_dispatch/middleware/templates/rescues/_request_and_response.html.erb (1.3ms)
  Rendered /Users/jjeffries/.rvm/gems/ruby-2.3.1/gems/actionpack-4.2.6/lib/action_dispatch/middleware/templates/rescues/routing_error.html.erb within rescues/layout (96.6ms)
  Rendered /Users/jjeffries/.rvm/gems/ruby-2.3.1/gems/web-console-2.3.0/lib/web_console/templates/_markup.html.erb (0.6ms)
  Rendered /Users/jjeffries/.rvm/gems/ruby-2.3.1/gems/web-console-2.3.0/lib/web_console/templates/_inner_console_markup.html.erb within layouts/inlined_string (0.4ms)
  Rendered /Users/jjeffries/.rvm/gems/ruby-2.3.1/gems/web-console-2.3.0/lib/web_console/templates/_prompt_box_markup.html.erb within layouts/inlined_string (0.4ms)
  Rendered /Users/jjeffries/.rvm/gems/ruby-2.3.1/gems/web-console-2.3.0/lib/web_console/templates/style.css.erb within layouts/inlined_string (0.7ms)
  Rendered /Users/jjeffries/.rvm/gems/ruby-2.3.1/gems/web-console-2.3.0/lib/web_console/templates/console.js.erb within layouts/javascript (37.7ms)
  Rendered /Users/jjeffries/.rvm/gems/ruby-2.3.1/gems/web-console-2.3.0/lib/web_console/templates/main.js.erb within layouts/javascript (0.3ms)
  Rendered /Users/jjeffries/.rvm/gems/ruby-2.3.1/gems/web-console-2.3.0/lib/web_console/templates/error_page.js.erb within layouts/javascript (0.7ms)
  Rendered /Users/jjeffries/.rvm/gems/ruby-2.3.1/gems/web-console-2.3.0/lib/web_console/templates/index.html.erb (81.8ms)


Started GET "/update" for ::1 at 2017-07-11 23:50:17 -0400
  [1m[36mActiveRecord::SchemaMigration Load (0.7ms)[0m  [1mSELECT "schema_migrations".* FROM "schema_migrations"[0m
Processing by UpdateController#pull as HTML
  Rendered update/pull.html.erb within layouts/application (3.0ms)
  Rendered components/_google_analytics.html.erb (0.6ms)
  Rendered components/_agency_header.erb (0.6ms)
  [1m[35mUser Load (1.3ms)[0m  SELECT  "users".* FROM "users" WHERE "users"."id" IS NULL  ORDER BY "users"."id" ASC LIMIT 1
  Rendered components/_guest_nav_drawer.html.erb (0.6ms)
  Rendered components/_nav_header.erb (46.3ms)
  Rendered application/_flashes.html.erb (0.8ms)
  Rendered components/_footer.html.erb (0.6ms)
  Rendered components/_dap.html.erb (0.5ms)
Completed 200 OK in 804ms (Views: 794.5ms | ActiveRecord: 6.5ms)


Started GET "/assets/openbid-logo.png" for ::1 at 2017-07-11 23:50:18 -0400


Started GET "/assets/nyc_white.png" for ::1 at 2017-07-11 23:50:18 -0400


Started GET "/assets/sprite-ico-search.png" for ::1 at 2017-07-11 23:50:18 -0400


Started GET "/update" for ::1 at 2017-07-11 23:52:19 -0400
Processing by UpdateController#pull as HTML
  Rendered update/pull.html.erb within layouts/application (0.1ms)
  Rendered components/_google_analytics.html.erb (0.1ms)
  Rendered components/_agency_header.erb (0.1ms)
  [1m[36mUser Load (0.4ms)[0m  [1mSELECT  "users".* FROM "users" WHERE "users"."id" IS NULL  ORDER BY "users"."id" ASC LIMIT 1[0m
  Rendered components/_guest_nav_drawer.html.erb (0.1ms)
  Rendered components/_nav_header.erb (21.6ms)
  Rendered application/_flashes.html.erb (0.1ms)
  Rendered components/_footer.html.erb (0.1ms)
  Rendered components/_dap.html.erb (0.1ms)
Completed 200 OK in 189ms (Views: 183.1ms | ActiveRecord: 3.3ms)


Started GET "/assets/openbid-logo.png" for ::1 at 2017-07-11 23:52:19 -0400


Started GET "/assets/alerts/error-76862de6ee8e870227d3804a76d7d9c3c8ce2288063dc72b879382e923e3e696.svg" for ::1 at 2017-07-11 23:52:19 -0400


Started GET "/assets/nyc_white.png" for ::1 at 2017-07-11 23:52:19 -0400


Started GET "/assets/sprite-ico-search.png" for ::1 at 2017-07-11 23:52:19 -0400


Started GET "/update" for ::1 at 2017-07-11 23:53:35 -0400
Processing by UpdateController#pull as HTML
  Rendered update/pull.html.erb within layouts/application (0.1ms)
  Rendered components/_google_analytics.html.erb (0.1ms)
  Rendered components/_agency_header.erb (0.0ms)
  [1m[35mUser Load (0.4ms)[0m  SELECT  "users".* FROM "users" WHERE "users"."id" IS NULL  ORDER BY "users"."id" ASC LIMIT 1
  Rendered components/_guest_nav_drawer.html.erb (0.1ms)
  Rendered components/_nav_header.erb (17.4ms)
  Rendered application/_flashes.html.erb (0.1ms)
  Rendered components/_footer.html.erb (0.1ms)
  Rendered components/_dap.html.erb (0.1ms)
Completed 200 OK in 126ms (Views: 120.5ms | ActiveRecord: 3.3ms)


Started GET "/assets/openbid-logo.png" for ::1 at 2017-07-11 23:53:35 -0400


Started GET "/assets/sprite-ico-search.png" for ::1 at 2017-07-11 23:53:35 -0400


Started GET "/assets/nyc_white.png" for ::1 at 2017-07-11 23:53:35 -0400


Started GET "/update" for ::1 at 2017-07-11 23:53:51 -0400
Processing by UpdateController#pull as HTML
  Rendered update/pull.html.erb within layouts/application (0.3ms)
  Rendered components/_google_analytics.html.erb (0.0ms)
  Rendered components/_agency_header.erb (0.0ms)
  [1m[36mUser Load (0.5ms)[0m  [1mSELECT  "users".* FROM "users" WHERE "users"."id" IS NULL  ORDER BY "users"."id" ASC LIMIT 1[0m
  Rendered components/_guest_nav_drawer.html.erb (0.1ms)
  Rendered components/_nav_header.erb (3.5ms)
  Rendered application/_flashes.html.erb (0.1ms)
  Rendered components/_footer.html.erb (0.0ms)
  Rendered components/_dap.html.erb (0.0ms)
Completed 200 OK in 83ms (Views: 82.3ms | ActiveRecord: 0.5ms)


Started GET "/assets/openbid-logo.png" for ::1 at 2017-07-11 23:53:51 -0400


Started GET "/assets/nyc_white.png" for ::1 at 2017-07-11 23:53:51 -0400


Started GET "/assets/sprite-ico-search.png" for ::1 at 2017-07-11 23:53:51 -0400


Started GET "/update" for ::1 at 2017-07-11 23:56:01 -0400
Processing by UpdateController#pull as HTML
Completed 500 Internal Server Error in 67ms (ActiveRecord: 0.0ms)

LoadError (cannot load such file -- net/ssh):
  app/controllers/update_controller.rb:3:in `pull'


  Rendered /Users/jjeffries/.rvm/gems/ruby-2.3.1/gems/actionpack-4.2.6/lib/action_dispatch/middleware/templates/rescues/_source.erb (5.4ms)
  Rendered /Users/jjeffries/.rvm/gems/ruby-2.3.1/gems/actionpack-4.2.6/lib/action_dispatch/middleware/templates/rescues/_trace.html.erb (2.8ms)
  Rendered /Users/jjeffries/.rvm/gems/ruby-2.3.1/gems/actionpack-4.2.6/lib/action_dispatch/middleware/templates/rescues/_request_and_response.html.erb (1.1ms)
  Rendered /Users/jjeffries/.rvm/gems/ruby-2.3.1/gems/actionpack-4.2.6/lib/action_dispatch/middleware/templates/rescues/diagnostics.html.erb within rescues/layout (47.7ms)
  Rendered /Users/jjeffries/.rvm/gems/ruby-2.3.1/gems/web-console-2.3.0/lib/web_console/templates/_markup.html.erb (0.4ms)
  Rendered /Users/jjeffries/.rvm/gems/ruby-2.3.1/gems/web-console-2.3.0/lib/web_console/templates/_inner_console_markup.html.erb within layouts/inlined_string (0.4ms)
  Rendered /Users/jjeffries/.rvm/gems/ruby-2.3.1/gems/web-console-2.3.0/lib/web_console/templates/_prompt_box_markup.html.erb within layouts/inlined_string (0.3ms)
  Rendered /Users/jjeffries/.rvm/gems/ruby-2.3.1/gems/web-console-2.3.0/lib/web_console/templates/style.css.erb within layouts/inlined_string (0.5ms)
  Rendered /Users/jjeffries/.rvm/gems/ruby-2.3.1/gems/web-console-2.3.0/lib/web_console/templates/console.js.erb within layouts/javascript (39.9ms)
  Rendered /Users/jjeffries/.rvm/gems/ruby-2.3.1/gems/web-console-2.3.0/lib/web_console/templates/main.js.erb within layouts/javascript (0.6ms)
  Rendered /Users/jjeffries/.rvm/gems/ruby-2.3.1/gems/web-console-2.3.0/lib/web_console/templates/error_page.js.erb within layouts/javascript (0.4ms)
  Rendered /Users/jjeffries/.rvm/gems/ruby-2.3.1/gems/web-console-2.3.0/lib/web_console/templates/index.html.erb (92.6ms)


Started GET "/update" for ::1 at 2017-07-11 23:56:34 -0400
  [1m[36mActiveRecord::SchemaMigration Load (0.6ms)[0m  [1mSELECT "schema_migrations".* FROM "schema_migrations"[0m
Processing by UpdateController#pull as HTML
Completed 500 Internal Server Error in 8ms (ActiveRecord: 0.0ms)

LoadError (cannot load such file -- net/ssh):
  app/controllers/update_controller.rb:3:in `pull'


  Rendered /Users/jjeffries/.rvm/gems/ruby-2.3.1/gems/actionpack-4.2.6/lib/action_dispatch/middleware/templates/rescues/_source.erb (4.5ms)
  Rendered /Users/jjeffries/.rvm/gems/ruby-2.3.1/gems/actionpack-4.2.6/lib/action_dispatch/middleware/templates/rescues/_trace.html.erb (3.0ms)
  Rendered /Users/jjeffries/.rvm/gems/ruby-2.3.1/gems/actionpack-4.2.6/lib/action_dispatch/middleware/templates/rescues/_request_and_response.html.erb (13.1ms)
  Rendered /Users/jjeffries/.rvm/gems/ruby-2.3.1/gems/actionpack-4.2.6/lib/action_dispatch/middleware/templates/rescues/diagnostics.html.erb within rescues/layout (64.0ms)
  Rendered /Users/jjeffries/.rvm/gems/ruby-2.3.1/gems/web-console-2.3.0/lib/web_console/templates/_markup.html.erb (0.4ms)
  Rendered /Users/jjeffries/.rvm/gems/ruby-2.3.1/gems/web-console-2.3.0/lib/web_console/templates/_inner_console_markup.html.erb within layouts/inlined_string (0.4ms)
  Rendered /Users/jjeffries/.rvm/gems/ruby-2.3.1/gems/web-console-2.3.0/lib/web_console/templates/_prompt_box_markup.html.erb within layouts/inlined_string (0.4ms)
  Rendered /Users/jjeffries/.rvm/gems/ruby-2.3.1/gems/web-console-2.3.0/lib/web_console/templates/style.css.erb within layouts/inlined_string (0.4ms)
  Rendered /Users/jjeffries/.rvm/gems/ruby-2.3.1/gems/web-console-2.3.0/lib/web_console/templates/console.js.erb within layouts/javascript (40.3ms)
  Rendered /Users/jjeffries/.rvm/gems/ruby-2.3.1/gems/web-console-2.3.0/lib/web_console/templates/main.js.erb within layouts/javascript (0.4ms)
  Rendered /Users/jjeffries/.rvm/gems/ruby-2.3.1/gems/web-console-2.3.0/lib/web_console/templates/error_page.js.erb within layouts/javascript (0.5ms)
  Rendered /Users/jjeffries/.rvm/gems/ruby-2.3.1/gems/web-console-2.3.0/lib/web_console/templates/index.html.erb (90.1ms)


Started GET "/update" for ::1 at 2017-07-11 23:58:14 -0400
  [1m[36mActiveRecord::SchemaMigration Load (0.7ms)[0m  [1mSELECT "schema_migrations".* FROM "schema_migrations"[0m
Processing by UpdateController#pull as HTML
Completed 500 Internal Server Error in 75356ms (ActiveRecord: 0.0ms)

Net::SSH::ConnectionTimeout (Net::SSH::ConnectionTimeout):
  app/controllers/update_controller.rb:10:in `pull'


  Rendered /Users/jjeffries/.rvm/gems/ruby-2.3.1/gems/actionpack-4.2.6/lib/action_dispatch/middleware/templates/rescues/_source.erb (8.0ms)
  Rendered /Users/jjeffries/.rvm/gems/ruby-2.3.1/gems/actionpack-4.2.6/lib/action_dispatch/middleware/templates/rescues/_trace.html.erb (3.8ms)
  Rendered /Users/jjeffries/.rvm/gems/ruby-2.3.1/gems/actionpack-4.2.6/lib/action_dispatch/middleware/templates/rescues/_request_and_response.html.erb (74.4ms)
  Rendered /Users/jjeffries/.rvm/gems/ruby-2.3.1/gems/actionpack-4.2.6/lib/action_dispatch/middleware/templates/rescues/diagnostics.html.erb within rescues/layout (141.4ms)
  Rendered /Users/jjeffries/.rvm/gems/ruby-2.3.1/gems/web-console-2.3.0/lib/web_console/templates/_markup.html.erb (0.7ms)
  Rendered /Users/jjeffries/.rvm/gems/ruby-2.3.1/gems/web-console-2.3.0/lib/web_console/templates/_inner_console_markup.html.erb within layouts/inlined_string (0.6ms)
  Rendered /Users/jjeffries/.rvm/gems/ruby-2.3.1/gems/web-console-2.3.0/lib/web_console/templates/_prompt_box_markup.html.erb within layouts/inlined_string (0.3ms)
  Rendered /Users/jjeffries/.rvm/gems/ruby-2.3.1/gems/web-console-2.3.0/lib/web_console/templates/style.css.erb within layouts/inlined_string (0.4ms)
  Rendered /Users/jjeffries/.rvm/gems/ruby-2.3.1/gems/web-console-2.3.0/lib/web_console/templates/console.js.erb within layouts/javascript (39.5ms)
  Rendered /Users/jjeffries/.rvm/gems/ruby-2.3.1/gems/web-console-2.3.0/lib/web_console/templates/main.js.erb within layouts/javascript (0.4ms)
  Rendered /Users/jjeffries/.rvm/gems/ruby-2.3.1/gems/web-console-2.3.0/lib/web_console/templates/error_page.js.erb within layouts/javascript (0.7ms)
  Rendered /Users/jjeffries/.rvm/gems/ruby-2.3.1/gems/web-console-2.3.0/lib/web_console/templates/index.html.erb (93.5ms)


Started GET "/update" for ::1 at 2017-07-11 23:59:30 -0400
Processing by UpdateController#pull as HTML
Completed 500 Internal Server Error in 75257ms (ActiveRecord: 0.0ms)

Net::SSH::ConnectionTimeout (Net::SSH::ConnectionTimeout):
  app/controllers/update_controller.rb:10:in `pull'


  Rendered /Users/jjeffries/.rvm/gems/ruby-2.3.1/gems/actionpack-4.2.6/lib/action_dispatch/middleware/templates/rescues/_source.erb (3.9ms)
  Rendered /Users/jjeffries/.rvm/gems/ruby-2.3.1/gems/actionpack-4.2.6/lib/action_dispatch/middleware/templates/rescues/_trace.html.erb (2.3ms)
  Rendered /Users/jjeffries/.rvm/gems/ruby-2.3.1/gems/actionpack-4.2.6/lib/action_dispatch/middleware/templates/rescues/_request_and_response.html.erb (1.2ms)
  Rendered /Users/jjeffries/.rvm/gems/ruby-2.3.1/gems/actionpack-4.2.6/lib/action_dispatch/middleware/templates/rescues/diagnostics.html.erb within rescues/layout (45.2ms)
  Rendered /Users/jjeffries/.rvm/gems/ruby-2.3.1/gems/web-console-2.3.0/lib/web_console/templates/_markup.html.erb (0.4ms)
  Rendered /Users/jjeffries/.rvm/gems/ruby-2.3.1/gems/web-console-2.3.0/lib/web_console/templates/_inner_console_markup.html.erb within layouts/inlined_string (0.4ms)
  Rendered /Users/jjeffries/.rvm/gems/ruby-2.3.1/gems/web-console-2.3.0/lib/web_console/templates/_prompt_box_markup.html.erb within layouts/inlined_string (0.4ms)
  Rendered /Users/jjeffries/.rvm/gems/ruby-2.3.1/gems/web-console-2.3.0/lib/web_console/templates/style.css.erb within layouts/inlined_string (0.4ms)
  Rendered /Users/jjeffries/.rvm/gems/ruby-2.3.1/gems/web-console-2.3.0/lib/web_console/templates/console.js.erb within layouts/javascript (37.2ms)
  Rendered /Users/jjeffries/.rvm/gems/ruby-2.3.1/gems/web-console-2.3.0/lib/web_console/templates/main.js.erb within layouts/javascript (0.4ms)
  Rendered /Users/jjeffries/.rvm/gems/ruby-2.3.1/gems/web-console-2.3.0/lib/web_console/templates/error_page.js.erb within layouts/javascript (0.5ms)
  Rendered /Users/jjeffries/.rvm/gems/ruby-2.3.1/gems/web-console-2.3.0/lib/web_console/templates/index.html.erb (78.5ms)


Started GET "/" for ::1 at 2017-07-12 00:20:13 -0400
  [1m[36mActiveRecord::SchemaMigration Load (0.6ms)[0m  [1mSELECT "schema_migrations".* FROM "schema_migrations"[0m
Processing by AuctionsController#index as HTML
  [1m[35mUser Load (1.4ms)[0m  SELECT  "users".* FROM "users" WHERE "users"."id" IS NULL  ORDER BY "users"."id" ASC LIMIT 1
  [1m[36mAuction Load (2.3ms)[0m  [1mSELECT "auctions".* FROM "auctions" WHERE "auctions"."published" = $1  ORDER BY ended_at DESC[0m  [["published", 1]]
  [1m[35mBid Load (2.2ms)[0m  SELECT "bids".* FROM "bids" INNER JOIN "users" ON "users"."id" = "bids"."bidder_id" WHERE "bids"."auction_id" IN (20, 22, 21, 15, 19, 2, 4, 7, 9, 3, 8, 14, 10, 11, 6, 5, 12)  ORDER BY users.is_mwbe DESC
  [1m[36m (0.4ms)[0m  [1mSELECT COUNT(*) FROM "auctions" WHERE "auctions"."published" = $1 AND (started_at < '2017-07-12 04:20:13.926012') AND (ended_at > '2017-07-12 04:20:13.926769')[0m  [["published", 1]]
  [1m[35m (0.4ms)[0m  SELECT COUNT(*) FROM "auctions" WHERE "auctions"."published" = $1 AND (started_at > '2017-07-12 04:20:13.929890')  [["published", 1]]
  Rendered components/_welcome_message.html.erb (0.4ms)
  Rendered auctions/_title.html.erb (1.2ms)
  Rendered auctions/_bidding_status_label.html.erb (0.5ms)
  Rendered auctions/_project_label.html.erb (0.9ms)
  [1m[36mSkill Load (2.4ms)[0m  [1mSELECT "skills".* FROM "skills" INNER JOIN "auctions_skills" ON "skills"."id" = "auctions_skills"."skill_id" WHERE "auctions_skills"."auction_id" = $1  ORDER BY "skills"."name" ASC[0m  [["auction_id", 20]]
  Rendered auctions/_list_item.html.erb (73.3ms)
  Rendered auctions/_title.html.erb (0.2ms)
  Rendered auctions/_bidding_status_label.html.erb (0.2ms)
  Rendered auctions/_over_winning_bid_details.html.erb (17.5ms)
  Rendered auctions/_project_label.html.erb (0.2ms)
  [1m[35mSkill Load (0.5ms)[0m  SELECT "skills".* FROM "skills" INNER JOIN "auctions_skills" ON "skills"."id" = "auctions_skills"."skill_id" WHERE "auctions_skills"."auction_id" = $1  ORDER BY "skills"."name" ASC  [["auction_id", 22]]
  Rendered auctions/_list_item.html.erb (26.9ms)
  Rendered auctions/_title.html.erb (0.2ms)
  Rendered auctions/_bidding_status_label.html.erb (0.1ms)
  Rendered auctions/_project_label.html.erb (0.1ms)
  [1m[36mSkill Load (0.5ms)[0m  [1mSELECT "skills".* FROM "skills" INNER JOIN "auctions_skills" ON "skills"."id" = "auctions_skills"."skill_id" WHERE "auctions_skills"."auction_id" = $1  ORDER BY "skills"."name" ASC[0m  [["auction_id", 21]]
  Rendered auctions/_list_item.html.erb (7.7ms)
  Rendered auctions/_title.html.erb (0.2ms)
  Rendered auctions/_bidding_status_label.html.erb (0.1ms)
  Rendered auctions/_project_label.html.erb (0.1ms)
  [1m[35mSkill Load (0.6ms)[0m  SELECT "skills".* FROM "skills" INNER JOIN "auctions_skills" ON "skills"."id" = "auctions_skills"."skill_id" WHERE "auctions_skills"."auction_id" = $1  ORDER BY "skills"."name" ASC  [["auction_id", 15]]
  Rendered auctions/_list_item.html.erb (9.0ms)
  Rendered auctions/_title.html.erb (0.3ms)
  Rendered auctions/_bidding_status_label.html.erb (0.1ms)
  Rendered auctions/_over_winning_bid_details.html.erb (0.5ms)
  Rendered auctions/_project_label.html.erb (0.1ms)
  [1m[36mSkill Load (0.5ms)[0m  [1mSELECT "skills".* FROM "skills" INNER JOIN "auctions_skills" ON "skills"."id" = "auctions_skills"."skill_id" WHERE "auctions_skills"."auction_id" = $1  ORDER BY "skills"."name" ASC[0m  [["auction_id", 19]]
  Rendered auctions/_list_item.html.erb (7.7ms)
  Rendered auctions/_title.html.erb (0.1ms)
  Rendered auctions/_bidding_status_label.html.erb (0.1ms)
  Rendered auctions/_over_winning_bid_details.html.erb (0.5ms)
  Rendered auctions/_project_label.html.erb (0.2ms)
  [1m[35mSkill Load (0.5ms)[0m  SELECT "skills".* FROM "skills" INNER JOIN "auctions_skills" ON "skills"."id" = "auctions_skills"."skill_id" WHERE "auctions_skills"."auction_id" = $1  ORDER BY "skills"."name" ASC  [["auction_id", 2]]
  Rendered auctions/_list_item.html.erb (9.2ms)
  Rendered auctions/_title.html.erb (0.1ms)
  Rendered auctions/_bidding_status_label.html.erb (0.1ms)
  Rendered auctions/_over_winning_bid_details.html.erb (0.5ms)
  Rendered auctions/_project_label.html.erb (0.2ms)
  [1m[36mSkill Load (0.5ms)[0m  [1mSELECT "skills".* FROM "skills" INNER JOIN "auctions_skills" ON "skills"."id" = "auctions_skills"."skill_id" WHERE "auctions_skills"."auction_id" = $1  ORDER BY "skills"."name" ASC[0m  [["auction_id", 4]]
  Rendered auctions/_list_item.html.erb (11.3ms)
  Rendered auctions/_title.html.erb (0.2ms)
  Rendered auctions/_bidding_status_label.html.erb (0.1ms)
  Rendered auctions/_over_winning_bid_details.html.erb (1.2ms)
  Rendered auctions/_project_label.html.erb (0.1ms)
  [1m[35mSkill Load (0.3ms)[0m  SELECT "skills".* FROM "skills" INNER JOIN "auctions_skills" ON "skills"."id" = "auctions_skills"."skill_id" WHERE "auctions_skills"."auction_id" = $1  ORDER BY "skills"."name" ASC  [["auction_id", 7]]
  Rendered auctions/_list_item.html.erb (9.3ms)
  Rendered auctions/_title.html.erb (0.1ms)
  Rendered auctions/_bidding_status_label.html.erb (0.1ms)
  Rendered auctions/_over_winning_bid_details.html.erb (1.0ms)
  Rendered auctions/_project_label.html.erb (0.1ms)
  [1m[36mSkill Load (0.3ms)[0m  [1mSELECT "skills".* FROM "skills" INNER JOIN "auctions_skills" ON "skills"."id" = "auctions_skills"."skill_id" WHERE "auctions_skills"."auction_id" = $1  ORDER BY "skills"."name" ASC[0m  [["auction_id", 9]]
  Rendered auctions/_list_item.html.erb (9.6ms)
  Rendered auctions/_title.html.erb (0.1ms)
  Rendered auctions/_bidding_status_label.html.erb (0.2ms)
  Rendered auctions/_over_winning_bid_details.html.erb (0.5ms)
  Rendered auctions/_project_label.html.erb (0.1ms)
  [1m[35mSkill Load (0.3ms)[0m  SELECT "skills".* FROM "skills" INNER JOIN "auctions_skills" ON "skills"."id" = "auctions_skills"."skill_id" WHERE "auctions_skills"."auction_id" = $1  ORDER BY "skills"."name" ASC  [["auction_id", 3]]
  Rendered auctions/_list_item.html.erb (7.4ms)
  Rendered auctions/_auctions_list.html.erb (185.0ms)
  Rendered auctions/index.html.erb within layouts/application (226.0ms)
  Rendered components/_google_analytics.html.erb (0.5ms)
  Rendered components/_agency_header.erb (0.4ms)
  Rendered components/_guest_nav_drawer.html.erb (0.7ms)
  Rendered components/_nav_header.erb (5.5ms)
  Rendered application/_flashes.html.erb (0.5ms)
  Rendered components/_footer.html.erb (0.5ms)
  Rendered components/_dap.html.erb (0.4ms)
Completed 200 OK in 1412ms (Views: 1186.2ms | ActiveRecord: 27.5ms)


Started GET "/assets/application.self-7883f398531afef6437448421e35a68fb19614294492fb9fec33d340fda11424.css?body=1" for ::1 at 2017-07-12 00:20:15 -0400


Started GET "/assets/jquery.self-bd7ddd393353a8d2480a622e80342adf488fb6006d667e8b42e4c0073393abee.js?body=1" for ::1 at 2017-07-12 00:20:15 -0400


Started GET "/assets/jquery_ujs.self-784a997f6726036b1993eb2217c9cb558e1cbb801c6da88105588c56f13b466a.js?body=1" for ::1 at 2017-07-12 00:20:15 -0400


Started GET "/assets/deliveryDueAt.self-b311839dc60be3225184222488d363016a7459920cfb6dceb3b0f5854f10964a.js?body=1" for ::1 at 2017-07-12 00:20:15 -0400


Started GET "/assets/selectize.self-044caa1b742f2d258a52c7baf83283a30523017a0541e885fe003c4d13e5d00a.js?body=1" for ::1 at 2017-07-12 00:20:15 -0400


Started GET "/assets/selectizer.self-dec14c6de7792ded12d69008e9ac83e27f59cd658ddce03ec9490b7b3b1fa62b.js?body=1" for ::1 at 2017-07-12 00:20:15 -0400


Started GET "/assets/admin/archiveConfirm.self-037bc1101255dd713e399a59bea446f3050872c405e7b4fcdc1d796ada514964.js?body=1" for ::1 at 2017-07-12 00:20:15 -0400


Started GET "/assets/application.self-1e135afb54bf948ed616b7e518ea9f59c8edad95a2d1dfbae8adc60b167c5f6c.js?body=1" for ::1 at 2017-07-12 00:20:15 -0400


Started GET "/assets/d3.v3.min.self-b52d43418d9cd75c25ec96202b55a305fcf118655b94b578f03eee884b0804a3.js?body=1" for ::1 at 2017-07-12 00:20:15 -0400


Started GET "/assets/bidConfirm.self-a579dee2219aae5ade31b4bde2f2e6fae4cec551c6f3527c57b4f7739ce56e95.js?body=1" for ::1 at 2017-07-12 00:20:15 -0400


Started GET "/assets/auctionToggle.self-cbb7ce4fa33ecbc9cc700652914d8209c052a6288ad88907008172172b358384.js?body=1" for ::1 at 2017-07-12 00:20:15 -0400


Started GET "/assets/utility.self-bb3003297403083a4788ed07ce5ca95ae786c2be11bb6e32f5ba8b0e45e2d105.js?body=1" for ::1 at 2017-07-12 00:20:15 -0400


Started GET "/assets/openbid-logo.png" for ::1 at 2017-07-12 00:20:16 -0400


Started GET "/assets/uswds/sourcesanspro-regular-webfont-cb03c54300164fcc8b068bf1cd8b419e6f8eb5cb44d607f198be1997999cc488.woff2" for ::1 at 2017-07-12 00:20:16 -0400


Started GET "/assets/uswds/merriweather-regular-webfont-14610ab0161da6565005c72974bd4ab639484511b7a13b73b7cc2ff218fbf21b.woff2" for ::1 at 2017-07-12 00:20:16 -0400


Started GET "/assets/nyc_white.png" for ::1 at 2017-07-12 00:20:16 -0400


Started GET "/assets/sprite-ico-search.png" for ::1 at 2017-07-12 00:20:16 -0400


Started GET "/assets/uswds/sourcesanspro-bold-webfont-2517c2a8077acd9cee8170e5b1aaebb2001c3447ca77fd63e6c9f378b35052c0.woff2" for ::1 at 2017-07-12 00:20:16 -0400


Started GET "/assets/uswds/sourcesanspro-light-webfont-7dc9968203233ab8b6b3605b290a4f70e9478f7db7277308c2faf38053e4e73d.woff2" for ::1 at 2017-07-12 00:20:16 -0400


Started GET "/assets/uswds/sourcesanspro-italic-webfont-a3af3e978eab69d7cc2350a23ef8b4d7a5e5b098406cf6623fed9b2426d59d74.woff2" for ::1 at 2017-07-12 00:20:16 -0400


Started GET "/assets/favicon-3daa243135321aa8ffaac826702243fe0976614fb3cee4dfd1acdac9738d898b.ico" for ::1 at 2017-07-12 00:20:16 -0400


Started GET "/admin/update" for ::1 at 2017-07-12 00:20:25 -0400

ActionController::RoutingError (No route matches [GET] "/admin/update"):
  actionpack (4.2.6) lib/action_dispatch/middleware/debug_exceptions.rb:21:in `call'
  web-console (2.3.0) lib/web_console/middleware.rb:28:in `block in call'
  web-console (2.3.0) lib/web_console/middleware.rb:18:in `catch'
  web-console (2.3.0) lib/web_console/middleware.rb:18:in `call'
  actionpack (4.2.6) lib/action_dispatch/middleware/show_exceptions.rb:30:in `call'
  railties (4.2.6) lib/rails/rack/logger.rb:38:in `call_app'
  railties (4.2.6) lib/rails/rack/logger.rb:20:in `block in call'
  activesupport (4.2.6) lib/active_support/tagged_logging.rb:68:in `block in tagged'
  activesupport (4.2.6) lib/active_support/tagged_logging.rb:26:in `tagged'
  activesupport (4.2.6) lib/active_support/tagged_logging.rb:68:in `tagged'
  railties (4.2.6) lib/rails/rack/logger.rb:20:in `call'
  actionpack (4.2.6) lib/action_dispatch/middleware/request_id.rb:21:in `call'
  rack (1.6.4) lib/rack/methodoverride.rb:22:in `call'
  rack (1.6.4) lib/rack/runtime.rb:18:in `call'
  activesupport (4.2.6) lib/active_support/cache/strategy/local_cache_middleware.rb:28:in `call'
  rack (1.6.4) lib/rack/lock.rb:17:in `call'
  actionpack (4.2.6) lib/action_dispatch/middleware/static.rb:120:in `call'
  rack (1.6.4) lib/rack/sendfile.rb:113:in `call'
  rack-cors (0.4.0) lib/rack/cors.rb:80:in `call'
  railties (4.2.6) lib/rails/engine.rb:518:in `call'
  railties (4.2.6) lib/rails/application.rb:165:in `call'
  rack (1.6.4) lib/rack/content_length.rb:15:in `call'
  puma (3.6.0) lib/puma/configuration.rb:225:in `call'
  puma (3.6.0) lib/puma/server.rb:578:in `handle_request'
  puma (3.6.0) lib/puma/server.rb:415:in `process_client'
  puma (3.6.0) lib/puma/server.rb:275:in `block in run'
  puma (3.6.0) lib/puma/thread_pool.rb:116:in `block in spawn_thread'


  Rendered /Users/jjeffries/.rvm/gems/ruby-2.3.1/gems/actionpack-4.2.6/lib/action_dispatch/middleware/templates/rescues/_trace.html.erb (3.4ms)
  Rendered /Users/jjeffries/.rvm/gems/ruby-2.3.1/gems/actionpack-4.2.6/lib/action_dispatch/middleware/templates/routes/_route.html.erb (14.7ms)
  Rendered /Users/jjeffries/.rvm/gems/ruby-2.3.1/gems/actionpack-4.2.6/lib/action_dispatch/middleware/templates/routes/_route.html.erb (0.3ms)
  Rendered /Users/jjeffries/.rvm/gems/ruby-2.3.1/gems/actionpack-4.2.6/lib/action_dispatch/middleware/templates/routes/_table.html.erb (14.5ms)
  Rendered /Users/jjeffries/.rvm/gems/ruby-2.3.1/gems/actionpack-4.2.6/lib/action_dispatch/middleware/templates/rescues/_request_and_response.html.erb (1.8ms)
  Rendered /Users/jjeffries/.rvm/gems/ruby-2.3.1/gems/actionpack-4.2.6/lib/action_dispatch/middleware/templates/rescues/routing_error.html.erb within rescues/layout (132.8ms)
  Rendered /Users/jjeffries/.rvm/gems/ruby-2.3.1/gems/web-console-2.3.0/lib/web_console/templates/_markup.html.erb (0.6ms)
  Rendered /Users/jjeffries/.rvm/gems/ruby-2.3.1/gems/web-console-2.3.0/lib/web_console/templates/_inner_console_markup.html.erb within layouts/inlined_string (0.4ms)
  Rendered /Users/jjeffries/.rvm/gems/ruby-2.3.1/gems/web-console-2.3.0/lib/web_console/templates/_prompt_box_markup.html.erb within layouts/inlined_string (0.5ms)
  Rendered /Users/jjeffries/.rvm/gems/ruby-2.3.1/gems/web-console-2.3.0/lib/web_console/templates/style.css.erb within layouts/inlined_string (0.4ms)
  Rendered /Users/jjeffries/.rvm/gems/ruby-2.3.1/gems/web-console-2.3.0/lib/web_console/templates/console.js.erb within layouts/javascript (45.7ms)
  Rendered /Users/jjeffries/.rvm/gems/ruby-2.3.1/gems/web-console-2.3.0/lib/web_console/templates/main.js.erb within layouts/javascript (0.4ms)
  Rendered /Users/jjeffries/.rvm/gems/ruby-2.3.1/gems/web-console-2.3.0/lib/web_console/templates/error_page.js.erb within layouts/javascript (0.5ms)
  Rendered /Users/jjeffries/.rvm/gems/ruby-2.3.1/gems/web-console-2.3.0/lib/web_console/templates/index.html.erb (102.6ms)


Started GET "/admin/people/admins" for ::1 at 2017-07-12 00:21:09 -0400
Processing by Admin::AdminsController#index as HTML
  [1m[36mUser Load (0.5ms)[0m  [1mSELECT  "users".* FROM "users" WHERE "users"."id" IS NULL  ORDER BY "users"."id" ASC LIMIT 1[0m
Redirected to http://localhost:3000/sign_in
Completed 302 Found in 5ms (ActiveRecord: 0.5ms)


Started GET "/sign_in" for ::1 at 2017-07-12 00:21:10 -0400
Processing by SignInsController#show as HTML
  Rendered sign_ins/show.html.erb within layouts/application (1.1ms)
  Rendered components/_google_analytics.html.erb (0.1ms)
  Rendered components/_agency_header.erb (0.0ms)
  [1m[35mUser Load (0.6ms)[0m  SELECT  "users".* FROM "users" WHERE "users"."id" IS NULL  ORDER BY "users"."id" ASC LIMIT 1
  Rendered components/_guest_nav_drawer.html.erb (0.1ms)
  Rendered components/_nav_header.erb (4.7ms)
  Rendered application/_flashes.html.erb (0.1ms)
  Rendered components/_footer.html.erb (0.1ms)
  Rendered components/_dap.html.erb (0.0ms)
Completed 200 OK in 108ms (Views: 107.0ms | ActiveRecord: 0.6ms)


Started GET "/assets/openbid-logo.png" for ::1 at 2017-07-12 00:21:10 -0400


Started GET "/assets/nyc_white.png" for ::1 at 2017-07-12 00:21:10 -0400


Started GET "/assets/sprite-ico-search.png" for ::1 at 2017-07-12 00:21:10 -0400


Started GET "/admin/people" for ::1 at 2017-07-12 00:21:47 -0400

ActionController::RoutingError (No route matches [GET] "/admin/people"):
  actionpack (4.2.6) lib/action_dispatch/middleware/debug_exceptions.rb:21:in `call'
  web-console (2.3.0) lib/web_console/middleware.rb:28:in `block in call'
  web-console (2.3.0) lib/web_console/middleware.rb:18:in `catch'
  web-console (2.3.0) lib/web_console/middleware.rb:18:in `call'
  actionpack (4.2.6) lib/action_dispatch/middleware/show_exceptions.rb:30:in `call'
  railties (4.2.6) lib/rails/rack/logger.rb:38:in `call_app'
  railties (4.2.6) lib/rails/rack/logger.rb:20:in `block in call'
  activesupport (4.2.6) lib/active_support/tagged_logging.rb:68:in `block in tagged'
  activesupport (4.2.6) lib/active_support/tagged_logging.rb:26:in `tagged'
  activesupport (4.2.6) lib/active_support/tagged_logging.rb:68:in `tagged'
  railties (4.2.6) lib/rails/rack/logger.rb:20:in `call'
  actionpack (4.2.6) lib/action_dispatch/middleware/request_id.rb:21:in `call'
  rack (1.6.4) lib/rack/methodoverride.rb:22:in `call'
  rack (1.6.4) lib/rack/runtime.rb:18:in `call'
  activesupport (4.2.6) lib/active_support/cache/strategy/local_cache_middleware.rb:28:in `call'
  rack (1.6.4) lib/rack/lock.rb:17:in `call'
  actionpack (4.2.6) lib/action_dispatch/middleware/static.rb:120:in `call'
  rack (1.6.4) lib/rack/sendfile.rb:113:in `call'
  rack-cors (0.4.0) lib/rack/cors.rb:80:in `call'
  railties (4.2.6) lib/rails/engine.rb:518:in `call'
  railties (4.2.6) lib/rails/application.rb:165:in `call'
  rack (1.6.4) lib/rack/content_length.rb:15:in `call'
  puma (3.6.0) lib/puma/configuration.rb:225:in `call'
  puma (3.6.0) lib/puma/server.rb:578:in `handle_request'
  puma (3.6.0) lib/puma/server.rb:415:in `process_client'
  puma (3.6.0) lib/puma/server.rb:275:in `block in run'
  puma (3.6.0) lib/puma/thread_pool.rb:116:in `block in spawn_thread'


  Rendered /Users/jjeffries/.rvm/gems/ruby-2.3.1/gems/actionpack-4.2.6/lib/action_dispatch/middleware/templates/rescues/_trace.html.erb (2.3ms)
  Rendered /Users/jjeffries/.rvm/gems/ruby-2.3.1/gems/actionpack-4.2.6/lib/action_dispatch/middleware/templates/routes/_route.html.erb (4.3ms)
  Rendered /Users/jjeffries/.rvm/gems/ruby-2.3.1/gems/actionpack-4.2.6/lib/action_dispatch/middleware/templates/routes/_route.html.erb (0.4ms)
  Rendered /Users/jjeffries/.rvm/gems/ruby-2.3.1/gems/actionpack-4.2.6/lib/action_dispatch/middleware/templates/routes/_table.html.erb (1.7ms)
  Rendered /Users/jjeffries/.rvm/gems/ruby-2.3.1/gems/actionpack-4.2.6/lib/action_dispatch/middleware/templates/rescues/_request_and_response.html.erb (1.5ms)
  Rendered /Users/jjeffries/.rvm/gems/ruby-2.3.1/gems/actionpack-4.2.6/lib/action_dispatch/middleware/templates/rescues/routing_error.html.erb within rescues/layout (94.1ms)
  Rendered /Users/jjeffries/.rvm/gems/ruby-2.3.1/gems/web-console-2.3.0/lib/web_console/templates/_markup.html.erb (0.7ms)
  Rendered /Users/jjeffries/.rvm/gems/ruby-2.3.1/gems/web-console-2.3.0/lib/web_console/templates/_inner_console_markup.html.erb within layouts/inlined_string (0.5ms)
  Rendered /Users/jjeffries/.rvm/gems/ruby-2.3.1/gems/web-console-2.3.0/lib/web_console/templates/_prompt_box_markup.html.erb within layouts/inlined_string (0.4ms)
  Rendered /Users/jjeffries/.rvm/gems/ruby-2.3.1/gems/web-console-2.3.0/lib/web_console/templates/style.css.erb within layouts/inlined_string (0.5ms)
  Rendered /Users/jjeffries/.rvm/gems/ruby-2.3.1/gems/web-console-2.3.0/lib/web_console/templates/console.js.erb within layouts/javascript (49.4ms)
  Rendered /Users/jjeffries/.rvm/gems/ruby-2.3.1/gems/web-console-2.3.0/lib/web_console/templates/main.js.erb within layouts/javascript (0.3ms)
  Rendered /Users/jjeffries/.rvm/gems/ruby-2.3.1/gems/web-console-2.3.0/lib/web_console/templates/error_page.js.erb within layouts/javascript (0.6ms)
  Rendered /Users/jjeffries/.rvm/gems/ruby-2.3.1/gems/web-console-2.3.0/lib/web_console/templates/index.html.erb (99.9ms)


Started GET "/admin/update" for ::1 at 2017-07-12 00:23:35 -0400
  [1m[36mActiveRecord::SchemaMigration Load (0.7ms)[0m  [1mSELECT "schema_migrations".* FROM "schema_migrations"[0m

ActionController::RoutingError (No route matches [GET] "/admin/update"):
  actionpack (4.2.6) lib/action_dispatch/middleware/debug_exceptions.rb:21:in `call'
  web-console (2.3.0) lib/web_console/middleware.rb:28:in `block in call'
  web-console (2.3.0) lib/web_console/middleware.rb:18:in `catch'
  web-console (2.3.0) lib/web_console/middleware.rb:18:in `call'
  actionpack (4.2.6) lib/action_dispatch/middleware/show_exceptions.rb:30:in `call'
  railties (4.2.6) lib/rails/rack/logger.rb:38:in `call_app'
  railties (4.2.6) lib/rails/rack/logger.rb:20:in `block in call'
  activesupport (4.2.6) lib/active_support/tagged_logging.rb:68:in `block in tagged'
  activesupport (4.2.6) lib/active_support/tagged_logging.rb:26:in `tagged'
  activesupport (4.2.6) lib/active_support/tagged_logging.rb:68:in `tagged'
  railties (4.2.6) lib/rails/rack/logger.rb:20:in `call'
  actionpack (4.2.6) lib/action_dispatch/middleware/request_id.rb:21:in `call'
  rack (1.6.4) lib/rack/methodoverride.rb:22:in `call'
  rack (1.6.4) lib/rack/runtime.rb:18:in `call'
  activesupport (4.2.6) lib/active_support/cache/strategy/local_cache_middleware.rb:28:in `call'
  rack (1.6.4) lib/rack/lock.rb:17:in `call'
  actionpack (4.2.6) lib/action_dispatch/middleware/static.rb:120:in `call'
  rack (1.6.4) lib/rack/sendfile.rb:113:in `call'
  rack-cors (0.4.0) lib/rack/cors.rb:80:in `call'
  railties (4.2.6) lib/rails/engine.rb:518:in `call'
  railties (4.2.6) lib/rails/application.rb:165:in `call'
  rack (1.6.4) lib/rack/content_length.rb:15:in `call'
  puma (3.6.0) lib/puma/configuration.rb:225:in `call'
  puma (3.6.0) lib/puma/server.rb:578:in `handle_request'
  puma (3.6.0) lib/puma/server.rb:415:in `process_client'
  puma (3.6.0) lib/puma/server.rb:275:in `block in run'
  puma (3.6.0) lib/puma/thread_pool.rb:116:in `block in spawn_thread'


  Rendered /Users/jjeffries/.rvm/gems/ruby-2.3.1/gems/actionpack-4.2.6/lib/action_dispatch/middleware/templates/rescues/_trace.html.erb (2.5ms)
  Rendered /Users/jjeffries/.rvm/gems/ruby-2.3.1/gems/actionpack-4.2.6/lib/action_dispatch/middleware/templates/routes/_route.html.erb (6.7ms)
  Rendered /Users/jjeffries/.rvm/gems/ruby-2.3.1/gems/actionpack-4.2.6/lib/action_dispatch/middleware/templates/routes/_route.html.erb (0.3ms)
  Rendered /Users/jjeffries/.rvm/gems/ruby-2.3.1/gems/actionpack-4.2.6/lib/action_dispatch/middleware/templates/routes/_table.html.erb (16.8ms)
  Rendered /Users/jjeffries/.rvm/gems/ruby-2.3.1/gems/actionpack-4.2.6/lib/action_dispatch/middleware/templates/rescues/_request_and_response.html.erb (12.9ms)
  Rendered /Users/jjeffries/.rvm/gems/ruby-2.3.1/gems/actionpack-4.2.6/lib/action_dispatch/middleware/templates/rescues/routing_error.html.erb within rescues/layout (121.6ms)
  Rendered /Users/jjeffries/.rvm/gems/ruby-2.3.1/gems/web-console-2.3.0/lib/web_console/templates/_markup.html.erb (0.6ms)
  Rendered /Users/jjeffries/.rvm/gems/ruby-2.3.1/gems/web-console-2.3.0/lib/web_console/templates/_inner_console_markup.html.erb within layouts/inlined_string (0.6ms)
  Rendered /Users/jjeffries/.rvm/gems/ruby-2.3.1/gems/web-console-2.3.0/lib/web_console/templates/_prompt_box_markup.html.erb within layouts/inlined_string (0.4ms)
  Rendered /Users/jjeffries/.rvm/gems/ruby-2.3.1/gems/web-console-2.3.0/lib/web_console/templates/style.css.erb within layouts/inlined_string (0.4ms)
  Rendered /Users/jjeffries/.rvm/gems/ruby-2.3.1/gems/web-console-2.3.0/lib/web_console/templates/console.js.erb within layouts/javascript (41.6ms)
  Rendered /Users/jjeffries/.rvm/gems/ruby-2.3.1/gems/web-console-2.3.0/lib/web_console/templates/main.js.erb within layouts/javascript (0.4ms)
  Rendered /Users/jjeffries/.rvm/gems/ruby-2.3.1/gems/web-console-2.3.0/lib/web_console/templates/error_page.js.erb within layouts/javascript (0.9ms)
  Rendered /Users/jjeffries/.rvm/gems/ruby-2.3.1/gems/web-console-2.3.0/lib/web_console/templates/index.html.erb (88.1ms)


Started GET "/admin/auctions" for ::1 at 2017-07-12 00:24:11 -0400

ActionController::RoutingError (No route matches [GET] "/admin/auctions"):
  actionpack (4.2.6) lib/action_dispatch/middleware/debug_exceptions.rb:21:in `call'
  web-console (2.3.0) lib/web_console/middleware.rb:28:in `block in call'
  web-console (2.3.0) lib/web_console/middleware.rb:18:in `catch'
  web-console (2.3.0) lib/web_console/middleware.rb:18:in `call'
  actionpack (4.2.6) lib/action_dispatch/middleware/show_exceptions.rb:30:in `call'
  railties (4.2.6) lib/rails/rack/logger.rb:38:in `call_app'
  railties (4.2.6) lib/rails/rack/logger.rb:20:in `block in call'
  activesupport (4.2.6) lib/active_support/tagged_logging.rb:68:in `block in tagged'
  activesupport (4.2.6) lib/active_support/tagged_logging.rb:26:in `tagged'
  activesupport (4.2.6) lib/active_support/tagged_logging.rb:68:in `tagged'
  railties (4.2.6) lib/rails/rack/logger.rb:20:in `call'
  actionpack (4.2.6) lib/action_dispatch/middleware/request_id.rb:21:in `call'
  rack (1.6.4) lib/rack/methodoverride.rb:22:in `call'
  rack (1.6.4) lib/rack/runtime.rb:18:in `call'
  activesupport (4.2.6) lib/active_support/cache/strategy/local_cache_middleware.rb:28:in `call'
  rack (1.6.4) lib/rack/lock.rb:17:in `call'
  actionpack (4.2.6) lib/action_dispatch/middleware/static.rb:120:in `call'
  rack (1.6.4) lib/rack/sendfile.rb:113:in `call'
  rack-cors (0.4.0) lib/rack/cors.rb:80:in `call'
  railties (4.2.6) lib/rails/engine.rb:518:in `call'
  railties (4.2.6) lib/rails/application.rb:165:in `call'
  rack (1.6.4) lib/rack/content_length.rb:15:in `call'
  puma (3.6.0) lib/puma/configuration.rb:225:in `call'
  puma (3.6.0) lib/puma/server.rb:578:in `handle_request'
  puma (3.6.0) lib/puma/server.rb:415:in `process_client'
  puma (3.6.0) lib/puma/server.rb:275:in `block in run'
  puma (3.6.0) lib/puma/thread_pool.rb:116:in `block in spawn_thread'


  Rendered /Users/jjeffries/.rvm/gems/ruby-2.3.1/gems/actionpack-4.2.6/lib/action_dispatch/middleware/templates/rescues/_trace.html.erb (1.2ms)
  Rendered /Users/jjeffries/.rvm/gems/ruby-2.3.1/gems/actionpack-4.2.6/lib/action_dispatch/middleware/templates/routes/_route.html.erb (3.0ms)
  Rendered /Users/jjeffries/.rvm/gems/ruby-2.3.1/gems/actionpack-4.2.6/lib/action_dispatch/middleware/templates/routes/_route.html.erb (0.2ms)
  Rendered /Users/jjeffries/.rvm/gems/ruby-2.3.1/gems/actionpack-4.2.6/lib/action_dispatch/middleware/templates/routes/_table.html.erb (1.7ms)
  Rendered /Users/jjeffries/.rvm/gems/ruby-2.3.1/gems/actionpack-4.2.6/lib/action_dispatch/middleware/templates/rescues/_request_and_response.html.erb (0.9ms)
  Rendered /Users/jjeffries/.rvm/gems/ruby-2.3.1/gems/actionpack-4.2.6/lib/action_dispatch/middleware/templates/rescues/routing_error.html.erb within rescues/layout (64.3ms)
  Rendered /Users/jjeffries/.rvm/gems/ruby-2.3.1/gems/web-console-2.3.0/lib/web_console/templates/_markup.html.erb (0.4ms)
  Rendered /Users/jjeffries/.rvm/gems/ruby-2.3.1/gems/web-console-2.3.0/lib/web_console/templates/_inner_console_markup.html.erb within layouts/inlined_string (0.4ms)
  Rendered /Users/jjeffries/.rvm/gems/ruby-2.3.1/gems/web-console-2.3.0/lib/web_console/templates/_prompt_box_markup.html.erb within layouts/inlined_string (0.5ms)
  Rendered /Users/jjeffries/.rvm/gems/ruby-2.3.1/gems/web-console-2.3.0/lib/web_console/templates/style.css.erb within layouts/inlined_string (0.4ms)
  Rendered /Users/jjeffries/.rvm/gems/ruby-2.3.1/gems/web-console-2.3.0/lib/web_console/templates/console.js.erb within layouts/javascript (39.3ms)
  Rendered /Users/jjeffries/.rvm/gems/ruby-2.3.1/gems/web-console-2.3.0/lib/web_console/templates/main.js.erb within layouts/javascript (0.3ms)
  Rendered /Users/jjeffries/.rvm/gems/ruby-2.3.1/gems/web-console-2.3.0/lib/web_console/templates/error_page.js.erb within layouts/javascript (0.5ms)
  Rendered /Users/jjeffries/.rvm/gems/ruby-2.3.1/gems/web-console-2.3.0/lib/web_console/templates/index.html.erb (82.3ms)


Started GET "/admin/auctions/closed" for ::1 at 2017-07-12 00:24:24 -0400
Processing by Admin::Auctions::ClosedController#index as HTML
  [1m[35mUser Load (1.5ms)[0m  SELECT  "users".* FROM "users" WHERE "users"."id" IS NULL  ORDER BY "users"."id" ASC LIMIT 1
Redirected to http://localhost:3000/sign_in
Completed 302 Found in 37ms (ActiveRecord: 5.4ms)


Started GET "/sign_in" for ::1 at 2017-07-12 00:24:24 -0400
Processing by SignInsController#show as HTML
  Rendered sign_ins/show.html.erb within layouts/application (1.0ms)
  Rendered components/_google_analytics.html.erb (0.7ms)
  Rendered components/_agency_header.erb (0.5ms)
  [1m[36mUser Load (0.7ms)[0m  [1mSELECT  "users".* FROM "users" WHERE "users"."id" IS NULL  ORDER BY "users"."id" ASC LIMIT 1[0m
  Rendered components/_guest_nav_drawer.html.erb (0.5ms)
  Rendered components/_nav_header.erb (10.0ms)
  Rendered application/_flashes.html.erb (1.0ms)
  Rendered components/_footer.html.erb (0.8ms)
  Rendered components/_dap.html.erb (0.6ms)
Completed 200 OK in 785ms (Views: 784.1ms | ActiveRecord: 0.7ms)


Started GET "/assets/openbid-logo.png" for ::1 at 2017-07-12 00:24:25 -0400


Started GET "/assets/nyc_white.png" for ::1 at 2017-07-12 00:24:25 -0400


Started GET "/assets/sprite-ico-search.png" for ::1 at 2017-07-12 00:24:25 -0400


Started GET "/admin/update/pull" for ::1 at 2017-07-12 00:24:55 -0400
  [1m[36mActiveRecord::SchemaMigration Load (0.7ms)[0m  [1mSELECT "schema_migrations".* FROM "schema_migrations"[0m

ActionController::RoutingError (uninitialized constant Admin::Update):
  activesupport (4.2.6) lib/active_support/inflector/methods.rb:263:in `const_get'
  activesupport (4.2.6) lib/active_support/inflector/methods.rb:263:in `block in constantize'
  activesupport (4.2.6) lib/active_support/inflector/methods.rb:259:in `each'
  activesupport (4.2.6) lib/active_support/inflector/methods.rb:259:in `inject'
  activesupport (4.2.6) lib/active_support/inflector/methods.rb:259:in `constantize'
  actionpack (4.2.6) lib/action_dispatch/routing/route_set.rb:70:in `controller_reference'
  actionpack (4.2.6) lib/action_dispatch/routing/route_set.rb:60:in `controller'
  actionpack (4.2.6) lib/action_dispatch/routing/route_set.rb:39:in `serve'
  actionpack (4.2.6) lib/action_dispatch/journey/router.rb:43:in `block in serve'
  actionpack (4.2.6) lib/action_dispatch/journey/router.rb:30:in `each'
  actionpack (4.2.6) lib/action_dispatch/journey/router.rb:30:in `serve'
  actionpack (4.2.6) lib/action_dispatch/routing/route_set.rb:817:in `call'
  omniauth (1.3.1) lib/omniauth/strategy.rb:186:in `call!'
  omniauth (1.3.1) lib/omniauth/strategy.rb:164:in `call'
  omniauth (1.3.1) lib/omniauth/builder.rb:63:in `call'
  rack (1.6.4) lib/rack/etag.rb:24:in `call'
  rack (1.6.4) lib/rack/conditionalget.rb:25:in `call'
  rack (1.6.4) lib/rack/head.rb:13:in `call'
  actionpack (4.2.6) lib/action_dispatch/middleware/params_parser.rb:27:in `call'
  actionpack (4.2.6) lib/action_dispatch/middleware/flash.rb:260:in `call'
  rack (1.6.4) lib/rack/session/abstract/id.rb:225:in `context'
  rack (1.6.4) lib/rack/session/abstract/id.rb:220:in `call'
  actionpack (4.2.6) lib/action_dispatch/middleware/cookies.rb:560:in `call'
  activerecord (4.2.6) lib/active_record/query_cache.rb:36:in `call'
  activerecord (4.2.6) lib/active_record/connection_adapters/abstract/connection_pool.rb:653:in `call'
  activerecord (4.2.6) lib/active_record/migration.rb:377:in `call'
  actionpack (4.2.6) lib/action_dispatch/middleware/callbacks.rb:29:in `block in call'
  activesupport (4.2.6) lib/active_support/callbacks.rb:88:in `__run_callbacks__'
  activesupport (4.2.6) lib/active_support/callbacks.rb:778:in `_run_call_callbacks'
  activesupport (4.2.6) lib/active_support/callbacks.rb:81:in `run_callbacks'
  actionpack (4.2.6) lib/action_dispatch/middleware/callbacks.rb:27:in `call'
  actionpack (4.2.6) lib/action_dispatch/middleware/reloader.rb:73:in `call'
  actionpack (4.2.6) lib/action_dispatch/middleware/remote_ip.rb:78:in `call'
  actionpack (4.2.6) lib/action_dispatch/middleware/debug_exceptions.rb:17:in `call'
  web-console (2.3.0) lib/web_console/middleware.rb:28:in `block in call'
  web-console (2.3.0) lib/web_console/middleware.rb:18:in `catch'
  web-console (2.3.0) lib/web_console/middleware.rb:18:in `call'
  actionpack (4.2.6) lib/action_dispatch/middleware/show_exceptions.rb:30:in `call'
  railties (4.2.6) lib/rails/rack/logger.rb:38:in `call_app'
  railties (4.2.6) lib/rails/rack/logger.rb:20:in `block in call'
  activesupport (4.2.6) lib/active_support/tagged_logging.rb:68:in `block in tagged'
  activesupport (4.2.6) lib/active_support/tagged_logging.rb:26:in `tagged'
  activesupport (4.2.6) lib/active_support/tagged_logging.rb:68:in `tagged'
  railties (4.2.6) lib/rails/rack/logger.rb:20:in `call'
  actionpack (4.2.6) lib/action_dispatch/middleware/request_id.rb:21:in `call'
  rack (1.6.4) lib/rack/methodoverride.rb:22:in `call'
  rack (1.6.4) lib/rack/runtime.rb:18:in `call'
  activesupport (4.2.6) lib/active_support/cache/strategy/local_cache_middleware.rb:28:in `call'
  rack (1.6.4) lib/rack/lock.rb:17:in `call'
  actionpack (4.2.6) lib/action_dispatch/middleware/static.rb:120:in `call'
  rack (1.6.4) lib/rack/sendfile.rb:113:in `call'
  rack-cors (0.4.0) lib/rack/cors.rb:80:in `call'
  railties (4.2.6) lib/rails/engine.rb:518:in `call'
  railties (4.2.6) lib/rails/application.rb:165:in `call'
  rack (1.6.4) lib/rack/content_length.rb:15:in `call'
  puma (3.6.0) lib/puma/configuration.rb:225:in `call'
  puma (3.6.0) lib/puma/server.rb:578:in `handle_request'
  puma (3.6.0) lib/puma/server.rb:415:in `process_client'
  puma (3.6.0) lib/puma/server.rb:275:in `block in run'
  puma (3.6.0) lib/puma/thread_pool.rb:116:in `block in spawn_thread'


  Rendered /Users/jjeffries/.rvm/gems/ruby-2.3.1/gems/actionpack-4.2.6/lib/action_dispatch/middleware/templates/rescues/_trace.html.erb (3.6ms)
  Rendered /Users/jjeffries/.rvm/gems/ruby-2.3.1/gems/actionpack-4.2.6/lib/action_dispatch/middleware/templates/routes/_route.html.erb (17.9ms)
  Rendered /Users/jjeffries/.rvm/gems/ruby-2.3.1/gems/actionpack-4.2.6/lib/action_dispatch/middleware/templates/routes/_route.html.erb (0.2ms)
  Rendered /Users/jjeffries/.rvm/gems/ruby-2.3.1/gems/actionpack-4.2.6/lib/action_dispatch/middleware/templates/routes/_table.html.erb (11.4ms)
  Rendered /Users/jjeffries/.rvm/gems/ruby-2.3.1/gems/actionpack-4.2.6/lib/action_dispatch/middleware/templates/rescues/_request_and_response.html.erb (12.7ms)
  Rendered /Users/jjeffries/.rvm/gems/ruby-2.3.1/gems/actionpack-4.2.6/lib/action_dispatch/middleware/templates/rescues/routing_error.html.erb within rescues/layout (132.8ms)
  Rendered /Users/jjeffries/.rvm/gems/ruby-2.3.1/gems/web-console-2.3.0/lib/web_console/templates/_markup.html.erb (0.7ms)
  Rendered /Users/jjeffries/.rvm/gems/ruby-2.3.1/gems/web-console-2.3.0/lib/web_console/templates/_inner_console_markup.html.erb within layouts/inlined_string (0.5ms)
  Rendered /Users/jjeffries/.rvm/gems/ruby-2.3.1/gems/web-console-2.3.0/lib/web_console/templates/_prompt_box_markup.html.erb within layouts/inlined_string (0.4ms)
  Rendered /Users/jjeffries/.rvm/gems/ruby-2.3.1/gems/web-console-2.3.0/lib/web_console/templates/style.css.erb within layouts/inlined_string (0.5ms)
  Rendered /Users/jjeffries/.rvm/gems/ruby-2.3.1/gems/web-console-2.3.0/lib/web_console/templates/console.js.erb within layouts/javascript (40.0ms)
  Rendered /Users/jjeffries/.rvm/gems/ruby-2.3.1/gems/web-console-2.3.0/lib/web_console/templates/main.js.erb within layouts/javascript (0.6ms)
  Rendered /Users/jjeffries/.rvm/gems/ruby-2.3.1/gems/web-console-2.3.0/lib/web_console/templates/error_page.js.erb within layouts/javascript (0.7ms)
  Rendered /Users/jjeffries/.rvm/gems/ruby-2.3.1/gems/web-console-2.3.0/lib/web_console/templates/index.html.erb (94.2ms)


Started GET "/admin/update/pull" for ::1 at 2017-07-12 00:26:16 -0400
  [1m[36mActiveRecord::SchemaMigration Load (0.9ms)[0m  [1mSELECT "schema_migrations".* FROM "schema_migrations"[0m

ActionController::RoutingError (uninitialized constant Admin::UpdateController):
  activesupport (4.2.6) lib/active_support/inflector/methods.rb:276:in `const_get'
  activesupport (4.2.6) lib/active_support/inflector/methods.rb:276:in `block in constantize'
  activesupport (4.2.6) lib/active_support/inflector/methods.rb:259:in `each'
  activesupport (4.2.6) lib/active_support/inflector/methods.rb:259:in `inject'
  activesupport (4.2.6) lib/active_support/inflector/methods.rb:259:in `constantize'
  actionpack (4.2.6) lib/action_dispatch/routing/route_set.rb:70:in `controller_reference'
  actionpack (4.2.6) lib/action_dispatch/routing/route_set.rb:60:in `controller'
  actionpack (4.2.6) lib/action_dispatch/routing/route_set.rb:39:in `serve'
  actionpack (4.2.6) lib/action_dispatch/journey/router.rb:43:in `block in serve'
  actionpack (4.2.6) lib/action_dispatch/journey/router.rb:30:in `each'
  actionpack (4.2.6) lib/action_dispatch/journey/router.rb:30:in `serve'
  actionpack (4.2.6) lib/action_dispatch/routing/route_set.rb:817:in `call'
  omniauth (1.3.1) lib/omniauth/strategy.rb:186:in `call!'
  omniauth (1.3.1) lib/omniauth/strategy.rb:164:in `call'
  omniauth (1.3.1) lib/omniauth/builder.rb:63:in `call'
  rack (1.6.4) lib/rack/etag.rb:24:in `call'
  rack (1.6.4) lib/rack/conditionalget.rb:25:in `call'
  rack (1.6.4) lib/rack/head.rb:13:in `call'
  actionpack (4.2.6) lib/action_dispatch/middleware/params_parser.rb:27:in `call'
  actionpack (4.2.6) lib/action_dispatch/middleware/flash.rb:260:in `call'
  rack (1.6.4) lib/rack/session/abstract/id.rb:225:in `context'
  rack (1.6.4) lib/rack/session/abstract/id.rb:220:in `call'
  actionpack (4.2.6) lib/action_dispatch/middleware/cookies.rb:560:in `call'
  activerecord (4.2.6) lib/active_record/query_cache.rb:36:in `call'
  activerecord (4.2.6) lib/active_record/connection_adapters/abstract/connection_pool.rb:653:in `call'
  activerecord (4.2.6) lib/active_record/migration.rb:377:in `call'
  actionpack (4.2.6) lib/action_dispatch/middleware/callbacks.rb:29:in `block in call'
  activesupport (4.2.6) lib/active_support/callbacks.rb:88:in `__run_callbacks__'
  activesupport (4.2.6) lib/active_support/callbacks.rb:778:in `_run_call_callbacks'
  activesupport (4.2.6) lib/active_support/callbacks.rb:81:in `run_callbacks'
  actionpack (4.2.6) lib/action_dispatch/middleware/callbacks.rb:27:in `call'
  actionpack (4.2.6) lib/action_dispatch/middleware/reloader.rb:73:in `call'
  actionpack (4.2.6) lib/action_dispatch/middleware/remote_ip.rb:78:in `call'
  actionpack (4.2.6) lib/action_dispatch/middleware/debug_exceptions.rb:17:in `call'
  web-console (2.3.0) lib/web_console/middleware.rb:28:in `block in call'
  web-console (2.3.0) lib/web_console/middleware.rb:18:in `catch'
  web-console (2.3.0) lib/web_console/middleware.rb:18:in `call'
  actionpack (4.2.6) lib/action_dispatch/middleware/show_exceptions.rb:30:in `call'
  railties (4.2.6) lib/rails/rack/logger.rb:38:in `call_app'
  railties (4.2.6) lib/rails/rack/logger.rb:20:in `block in call'
  activesupport (4.2.6) lib/active_support/tagged_logging.rb:68:in `block in tagged'
  activesupport (4.2.6) lib/active_support/tagged_logging.rb:26:in `tagged'
  activesupport (4.2.6) lib/active_support/tagged_logging.rb:68:in `tagged'
  railties (4.2.6) lib/rails/rack/logger.rb:20:in `call'
  actionpack (4.2.6) lib/action_dispatch/middleware/request_id.rb:21:in `call'
  rack (1.6.4) lib/rack/methodoverride.rb:22:in `call'
  rack (1.6.4) lib/rack/runtime.rb:18:in `call'
  activesupport (4.2.6) lib/active_support/cache/strategy/local_cache_middleware.rb:28:in `call'
  rack (1.6.4) lib/rack/lock.rb:17:in `call'
  actionpack (4.2.6) lib/action_dispatch/middleware/static.rb:120:in `call'
  rack (1.6.4) lib/rack/sendfile.rb:113:in `call'
  rack-cors (0.4.0) lib/rack/cors.rb:80:in `call'
  railties (4.2.6) lib/rails/engine.rb:518:in `call'
  railties (4.2.6) lib/rails/application.rb:165:in `call'
  rack (1.6.4) lib/rack/content_length.rb:15:in `call'
  puma (3.6.0) lib/puma/configuration.rb:225:in `call'
  puma (3.6.0) lib/puma/server.rb:578:in `handle_request'
  puma (3.6.0) lib/puma/server.rb:415:in `process_client'
  puma (3.6.0) lib/puma/server.rb:275:in `block in run'
  puma (3.6.0) lib/puma/thread_pool.rb:116:in `block in spawn_thread'


  Rendered /Users/jjeffries/.rvm/gems/ruby-2.3.1/gems/actionpack-4.2.6/lib/action_dispatch/middleware/templates/rescues/_trace.html.erb (3.3ms)
  Rendered /Users/jjeffries/.rvm/gems/ruby-2.3.1/gems/actionpack-4.2.6/lib/action_dispatch/middleware/templates/routes/_route.html.erb (3.6ms)
  Rendered /Users/jjeffries/.rvm/gems/ruby-2.3.1/gems/actionpack-4.2.6/lib/action_dispatch/middleware/templates/routes/_route.html.erb (0.2ms)
  Rendered /Users/jjeffries/.rvm/gems/ruby-2.3.1/gems/actionpack-4.2.6/lib/action_dispatch/middleware/templates/routes/_table.html.erb (13.4ms)
  Rendered /Users/jjeffries/.rvm/gems/ruby-2.3.1/gems/actionpack-4.2.6/lib/action_dispatch/middleware/templates/rescues/_request_and_response.html.erb (11.6ms)
  Rendered /Users/jjeffries/.rvm/gems/ruby-2.3.1/gems/actionpack-4.2.6/lib/action_dispatch/middleware/templates/rescues/routing_error.html.erb within rescues/layout (136.8ms)
  Rendered /Users/jjeffries/.rvm/gems/ruby-2.3.1/gems/web-console-2.3.0/lib/web_console/templates/_markup.html.erb (0.3ms)
  Rendered /Users/jjeffries/.rvm/gems/ruby-2.3.1/gems/web-console-2.3.0/lib/web_console/templates/_inner_console_markup.html.erb within layouts/inlined_string (0.4ms)
  Rendered /Users/jjeffries/.rvm/gems/ruby-2.3.1/gems/web-console-2.3.0/lib/web_console/templates/_prompt_box_markup.html.erb within layouts/inlined_string (0.3ms)
  Rendered /Users/jjeffries/.rvm/gems/ruby-2.3.1/gems/web-console-2.3.0/lib/web_console/templates/style.css.erb within layouts/inlined_string (0.4ms)
  Rendered /Users/jjeffries/.rvm/gems/ruby-2.3.1/gems/web-console-2.3.0/lib/web_console/templates/console.js.erb within layouts/javascript (39.5ms)
  Rendered /Users/jjeffries/.rvm/gems/ruby-2.3.1/gems/web-console-2.3.0/lib/web_console/templates/main.js.erb within layouts/javascript (0.4ms)
  Rendered /Users/jjeffries/.rvm/gems/ruby-2.3.1/gems/web-console-2.3.0/lib/web_console/templates/error_page.js.erb within layouts/javascript (0.5ms)
  Rendered /Users/jjeffries/.rvm/gems/ruby-2.3.1/gems/web-console-2.3.0/lib/web_console/templates/index.html.erb (84.9ms)


Started GET "/admin/update/pull" for ::1 at 2017-07-12 00:27:05 -0400
  [1m[36mActiveRecord::SchemaMigration Load (0.7ms)[0m  [1mSELECT "schema_migrations".* FROM "schema_migrations"[0m

LoadError (Unable to autoload constant Admin::UpdateController, expected /Users/jjeffries/projects/NYCMOTI/NYC-Open-Bid/app/controllers/admin/update_controller.rb to define it):
  activesupport (4.2.6) lib/active_support/dependencies.rb:495:in `load_missing_constant'
  activesupport (4.2.6) lib/active_support/dependencies.rb:184:in `const_missing'
  activesupport (4.2.6) lib/active_support/inflector/methods.rb:263:in `const_get'
  activesupport (4.2.6) lib/active_support/inflector/methods.rb:263:in `block in constantize'
  activesupport (4.2.6) lib/active_support/inflector/methods.rb:259:in `each'
  activesupport (4.2.6) lib/active_support/inflector/methods.rb:259:in `inject'
  activesupport (4.2.6) lib/active_support/inflector/methods.rb:259:in `constantize'
  activesupport (4.2.6) lib/active_support/dependencies.rb:566:in `get'
  activesupport (4.2.6) lib/active_support/dependencies.rb:597:in `constantize'
  actionpack (4.2.6) lib/action_dispatch/routing/route_set.rb:70:in `controller_reference'
  actionpack (4.2.6) lib/action_dispatch/routing/route_set.rb:60:in `controller'
  actionpack (4.2.6) lib/action_dispatch/routing/route_set.rb:39:in `serve'
  actionpack (4.2.6) lib/action_dispatch/journey/router.rb:43:in `block in serve'
  actionpack (4.2.6) lib/action_dispatch/journey/router.rb:30:in `each'
  actionpack (4.2.6) lib/action_dispatch/journey/router.rb:30:in `serve'
  actionpack (4.2.6) lib/action_dispatch/routing/route_set.rb:817:in `call'
  omniauth (1.3.1) lib/omniauth/strategy.rb:186:in `call!'
  omniauth (1.3.1) lib/omniauth/strategy.rb:164:in `call'
  omniauth (1.3.1) lib/omniauth/builder.rb:63:in `call'
  rack (1.6.4) lib/rack/etag.rb:24:in `call'
  rack (1.6.4) lib/rack/conditionalget.rb:25:in `call'
  rack (1.6.4) lib/rack/head.rb:13:in `call'
  actionpack (4.2.6) lib/action_dispatch/middleware/params_parser.rb:27:in `call'
  actionpack (4.2.6) lib/action_dispatch/middleware/flash.rb:260:in `call'
  rack (1.6.4) lib/rack/session/abstract/id.rb:225:in `context'
  rack (1.6.4) lib/rack/session/abstract/id.rb:220:in `call'
  actionpack (4.2.6) lib/action_dispatch/middleware/cookies.rb:560:in `call'
  activerecord (4.2.6) lib/active_record/query_cache.rb:36:in `call'
  activerecord (4.2.6) lib/active_record/connection_adapters/abstract/connection_pool.rb:653:in `call'
  activerecord (4.2.6) lib/active_record/migration.rb:377:in `call'
  actionpack (4.2.6) lib/action_dispatch/middleware/callbacks.rb:29:in `block in call'
  activesupport (4.2.6) lib/active_support/callbacks.rb:88:in `__run_callbacks__'
  activesupport (4.2.6) lib/active_support/callbacks.rb:778:in `_run_call_callbacks'
  activesupport (4.2.6) lib/active_support/callbacks.rb:81:in `run_callbacks'
  actionpack (4.2.6) lib/action_dispatch/middleware/callbacks.rb:27:in `call'
  actionpack (4.2.6) lib/action_dispatch/middleware/reloader.rb:73:in `call'
  actionpack (4.2.6) lib/action_dispatch/middleware/remote_ip.rb:78:in `call'
  actionpack (4.2.6) lib/action_dispatch/middleware/debug_exceptions.rb:17:in `call'
  web-console (2.3.0) lib/web_console/middleware.rb:28:in `block in call'
  web-console (2.3.0) lib/web_console/middleware.rb:18:in `catch'
  web-console (2.3.0) lib/web_console/middleware.rb:18:in `call'
  actionpack (4.2.6) lib/action_dispatch/middleware/show_exceptions.rb:30:in `call'
  railties (4.2.6) lib/rails/rack/logger.rb:38:in `call_app'
  railties (4.2.6) lib/rails/rack/logger.rb:20:in `block in call'
  activesupport (4.2.6) lib/active_support/tagged_logging.rb:68:in `block in tagged'
  activesupport (4.2.6) lib/active_support/tagged_logging.rb:26:in `tagged'
  activesupport (4.2.6) lib/active_support/tagged_logging.rb:68:in `tagged'
  railties (4.2.6) lib/rails/rack/logger.rb:20:in `call'
  actionpack (4.2.6) lib/action_dispatch/middleware/request_id.rb:21:in `call'
  rack (1.6.4) lib/rack/methodoverride.rb:22:in `call'
  rack (1.6.4) lib/rack/runtime.rb:18:in `call'
  activesupport (4.2.6) lib/active_support/cache/strategy/local_cache_middleware.rb:28:in `call'
  rack (1.6.4) lib/rack/lock.rb:17:in `call'
  actionpack (4.2.6) lib/action_dispatch/middleware/static.rb:120:in `call'
  rack (1.6.4) lib/rack/sendfile.rb:113:in `call'
  rack-cors (0.4.0) lib/rack/cors.rb:80:in `call'
  railties (4.2.6) lib/rails/engine.rb:518:in `call'
  railties (4.2.6) lib/rails/application.rb:165:in `call'
  rack (1.6.4) lib/rack/content_length.rb:15:in `call'
  puma (3.6.0) lib/puma/configuration.rb:225:in `call'
  puma (3.6.0) lib/puma/server.rb:578:in `handle_request'
  puma (3.6.0) lib/puma/server.rb:415:in `process_client'
  puma (3.6.0) lib/puma/server.rb:275:in `block in run'
  puma (3.6.0) lib/puma/thread_pool.rb:116:in `block in spawn_thread'


  Rendered /Users/jjeffries/.rvm/gems/ruby-2.3.1/gems/actionpack-4.2.6/lib/action_dispatch/middleware/templates/rescues/_source.erb (8.2ms)
  Rendered /Users/jjeffries/.rvm/gems/ruby-2.3.1/gems/actionpack-4.2.6/lib/action_dispatch/middleware/templates/rescues/_trace.html.erb (3.9ms)
  Rendered /Users/jjeffries/.rvm/gems/ruby-2.3.1/gems/actionpack-4.2.6/lib/action_dispatch/middleware/templates/rescues/_request_and_response.html.erb (30.2ms)
  Rendered /Users/jjeffries/.rvm/gems/ruby-2.3.1/gems/actionpack-4.2.6/lib/action_dispatch/middleware/templates/rescues/diagnostics.html.erb within rescues/layout (82.5ms)
  Rendered /Users/jjeffries/.rvm/gems/ruby-2.3.1/gems/web-console-2.3.0/lib/web_console/templates/_markup.html.erb (0.3ms)
  Rendered /Users/jjeffries/.rvm/gems/ruby-2.3.1/gems/web-console-2.3.0/lib/web_console/templates/_inner_console_markup.html.erb within layouts/inlined_string (0.3ms)
  Rendered /Users/jjeffries/.rvm/gems/ruby-2.3.1/gems/web-console-2.3.0/lib/web_console/templates/_prompt_box_markup.html.erb within layouts/inlined_string (0.4ms)
  Rendered /Users/jjeffries/.rvm/gems/ruby-2.3.1/gems/web-console-2.3.0/lib/web_console/templates/style.css.erb within layouts/inlined_string (0.5ms)
  Rendered /Users/jjeffries/.rvm/gems/ruby-2.3.1/gems/web-console-2.3.0/lib/web_console/templates/console.js.erb within layouts/javascript (36.5ms)
  Rendered /Users/jjeffries/.rvm/gems/ruby-2.3.1/gems/web-console-2.3.0/lib/web_console/templates/main.js.erb within layouts/javascript (0.3ms)
  Rendered /Users/jjeffries/.rvm/gems/ruby-2.3.1/gems/web-console-2.3.0/lib/web_console/templates/error_page.js.erb within layouts/javascript (0.5ms)
  Rendered /Users/jjeffries/.rvm/gems/ruby-2.3.1/gems/web-console-2.3.0/lib/web_console/templates/index.html.erb (80.5ms)


Started GET "/admin/update/pull" for ::1 at 2017-07-12 00:28:02 -0400
  [1m[36mActiveRecord::SchemaMigration Load (0.6ms)[0m  [1mSELECT "schema_migrations".* FROM "schema_migrations"[0m
Processing by Admin::UpdateController#pull as HTML
  [1m[35mUser Load (1.7ms)[0m  SELECT  "users".* FROM "users" WHERE "users"."id" IS NULL  ORDER BY "users"."id" ASC LIMIT 1
Redirected to http://localhost:3000/sign_in
Completed 302 Found in 55ms (ActiveRecord: 7.4ms)


Started GET "/sign_in" for ::1 at 2017-07-12 00:28:02 -0400
Processing by SignInsController#show as HTML
  Rendered sign_ins/show.html.erb within layouts/application (3.1ms)
  Rendered components/_google_analytics.html.erb (1.1ms)
  Rendered components/_agency_header.erb (0.2ms)
  [1m[36mUser Load (0.7ms)[0m  [1mSELECT  "users".* FROM "users" WHERE "users"."id" IS NULL  ORDER BY "users"."id" ASC LIMIT 1[0m
  Rendered components/_guest_nav_drawer.html.erb (1.1ms)
  Rendered components/_nav_header.erb (11.2ms)
  Rendered application/_flashes.html.erb (0.8ms)
  Rendered components/_footer.html.erb (0.5ms)
  Rendered components/_dap.html.erb (0.4ms)
Completed 200 OK in 844ms (Views: 842.5ms | ActiveRecord: 0.7ms)


Started GET "/assets/openbid-logo.png" for ::1 at 2017-07-12 00:28:03 -0400


Started GET "/assets/sprite-ico-search.png" for ::1 at 2017-07-12 00:28:03 -0400


Started GET "/assets/nyc_white.png" for ::1 at 2017-07-12 00:28:03 -0400
